"D:/YagiiiInc/FuryRoad/FuryRoad/Content/Blueprints/BP_HUD.uasset" 0
"D:/YagiiiInc/FuryRoad/FuryRoad/Content/Megascans/3D_Assets/Barrel_01/Albedo_2K_udmmfbpqx.uasset" 1
"D:/YagiiiInc/FuryRoad/FuryRoad/Content/Megascans/3D_Assets/Barrel_01/Barrel_On_Stand_LOD0_udmmfbpqx.uasset" 2
"../../Plugins/2D/Paper2D/Content/PlaceholderTextures/FlatNormalMap.uasset" 3
"../../../Engine/Content/EngineResources/Black.uasset" 4
"../../../Engine/Content/EngineMaterials/DefaultNormal.uasset" 5
"../../../Engine/Content/EngineMaterials/DefaultDiffuse.uasset" 6
"../../../Engine/Content/ArtTools/RenderToTexture/Textures/127grey.uasset" 7
"D:/YagiiiInc/FuryRoad/FuryRoad/Content/MSPresets/MS_DefaultMaterial/Functions/MF_Transmission.uasset" 8
"../../../Engine/Content/Functions/Engine_MaterialFunctions02/Texturing/CustomRotator.uasset" 9
"D:/YagiiiInc/FuryRoad/FuryRoad/Content/MSPresets/MS_DefaultMaterial/Functions/MF_Tiling.uasset" 10
"../../../Engine/Content/Functions/Engine_MaterialFunctions02/Utility/BlendAngleCorrectedNormals.uasset" 11
"D:/YagiiiInc/FuryRoad/FuryRoad/Content/MSPresets/MS_DefaultMaterial/Functions/MF_MapAdjustments.uasset" 12
"D:/YagiiiInc/FuryRoad/FuryRoad/Content/MSPresets/MS_DefaultMaterial/Functions/MF_DetailNormalTiling.uasset" 13
"D:/YagiiiInc/FuryRoad/FuryRoad/Content/MSPresets/MS_DefaultMaterial/MS_DefaultMaterial.uasset" 14
"D:/YagiiiInc/FuryRoad/FuryRoad/Content/Megascans/3D_Assets/Barrel_01/Barrel_On_Stand_udmmfbpqx_3d_inst.uasset" 15
"D:/YagiiiInc/FuryRoad/FuryRoad/Content/Megascans/3D_Assets/Barrel_01/Normal_2K_LOD0_udmmfbpqx.uasset" 16
"D:/YagiiiInc/FuryRoad/FuryRoad/Content/Megascans/3D_Assets/Barrel_01/Roughness_2K_udmmfbpqx.uasset" 17
"D:/YagiiiInc/FuryRoad/FuryRoad/Content/Megascans/3D_Assets/Canyon_Sandstone_Boulder_ulmsfeu_3d/Roughness_2K_ulmsfeu.uasset" 18
"D:/YagiiiInc/FuryRoad/FuryRoad/Content/Megascans/3D_Assets/Canyon_Sandstone_Boulder_ulmsfeu_3d/Normal_2K_LOD0_ulmsfeu.uasset" 19
"D:/YagiiiInc/FuryRoad/FuryRoad/Content/Megascans/3D_Assets/Canyon_Sandstone_Boulder_ulmsfeu_3d/Albedo_2K_ulmsfeu.uasset" 20
"D:/YagiiiInc/FuryRoad/FuryRoad/Content/Megascans/3D_Assets/Canyon_Sandstone_Boulder_ulmsfeu_3d/Canyon_Sandstone_Boulder_ulmsfeu_3d_inst.uasset" 21
"D:/YagiiiInc/FuryRoad/FuryRoad/Content/Megascans/3D_Assets/Canyon_Sandstone_Rock_uk4qahn_3d/Normal_2K_LOD0_uk4qahn.uasset" 22
"D:/YagiiiInc/FuryRoad/FuryRoad/Content/Megascans/3D_Assets/Canyon_Sandstone_Rock_uk4qahn_3d/Albedo_2K_uk4qahn.uasset" 23
"D:/YagiiiInc/FuryRoad/FuryRoad/Content/MSPresets/MS_DefaultMaterial_Displacement/Functions/MF_Transmission.uasset" 24
"D:/YagiiiInc/FuryRoad/FuryRoad/Content/MSPresets/MS_DefaultMaterial_Displacement/Functions/MF_Tiling.uasset" 25
"D:/YagiiiInc/FuryRoad/FuryRoad/Content/MSPresets/MS_DefaultMaterial_Displacement/Functions/MF_MapAdjustments.uasset" 26
"D:/YagiiiInc/FuryRoad/FuryRoad/Content/MSPresets/MS_DefaultMaterial_Displacement/Functions/MF_Displacement.uasset" 27
"D:/YagiiiInc/FuryRoad/FuryRoad/Content/MSPresets/MS_DefaultMaterial_Displacement/Functions/MF_DetailNormalTiling.uasset" 28
"D:/YagiiiInc/FuryRoad/FuryRoad/Content/MSPresets/MS_DefaultMaterial_Displacement/MS_DefaultMaterial_Displacement.uasset" 29
"D:/YagiiiInc/FuryRoad/FuryRoad/Content/Megascans/3D_Assets/Canyon_Sandstone_Rock_uk4qahn_3d/Roughness_2K_uk4qahn.uasset" 30
"D:/YagiiiInc/FuryRoad/FuryRoad/Content/Megascans/3D_Assets/Canyon_Sandstone_Rock_uk4qahn_3d/Canyon_Sandstone_Rock_uk4qahn_3d_inst.uasset" 31
"D:/YagiiiInc/FuryRoad/FuryRoad/Content/Megascans/Surfaces/Cliff/T_Cliff_D.uasset" 32
"D:/YagiiiInc/FuryRoad/FuryRoad/Content/Megascans/Surfaces/Cliff/T_Cliff_DP.uasset" 33
"D:/YagiiiInc/FuryRoad/FuryRoad/Content/Megascans/Surfaces/Cliff/T_Cliff_N.uasset" 34
"D:/YagiiiInc/FuryRoad/FuryRoad/Content/Megascans/Surfaces/Cliff/T_Cliff_R.uasset" 35
"D:/YagiiiInc/FuryRoad/FuryRoad/Content/Megascans/Surfaces/Cliff/MI_Cliff.uasset" 36
"D:/YagiiiInc/FuryRoad/FuryRoad/Content/Megascans/Surfaces/DesertSand_01/T_DesertSand_01_D.uasset" 37
"D:/YagiiiInc/FuryRoad/FuryRoad/Content/Megascans/Surfaces/DesertSand_01/T_DesertSand_01_N.uasset" 38
"D:/YagiiiInc/FuryRoad/FuryRoad/Content/Megascans/Surfaces/DesertSand_01/T_DesertSand_01_R.uasset" 39
"D:/YagiiiInc/FuryRoad/FuryRoad/Content/Megascans/Surfaces/DesertSand_01/MI_DesertSand_01.uasset" 40
"D:/YagiiiInc/FuryRoad/FuryRoad/Content/Megascans/Surfaces/DesertSand_01/T_DesertSand_01_DP.uasset" 41
"D:/YagiiiInc/FuryRoad/FuryRoad/Content/Megascans/Surfaces/DesertSand_02/T_DesertSand_02_D.uasset" 42
"D:/YagiiiInc/FuryRoad/FuryRoad/Content/Megascans/Surfaces/DesertSand_02/T_DesertSand_02_N.uasset" 43
"D:/YagiiiInc/FuryRoad/FuryRoad/Content/Megascans/Surfaces/DesertSand_02/T_DesertSand_02_R.uasset" 44
"D:/YagiiiInc/FuryRoad/FuryRoad/Content/Megascans/Surfaces/DesertSand_02/MI_DesertSand_02.uasset" 45
"D:/YagiiiInc/FuryRoad/FuryRoad/Content/Megascans/Surfaces/DesertSand_02/T_DesertSand_02_DP.uasset" 46
"D:/YagiiiInc/FuryRoad/FuryRoad/Content/Megascans/Surfaces/DesertSand_03/T_DesertSand_03_D.uasset" 47
"D:/YagiiiInc/FuryRoad/FuryRoad/Content/Megascans/Surfaces/DesertSand_03/T_DesertSand_03_N.uasset" 48
"D:/YagiiiInc/FuryRoad/FuryRoad/Content/Megascans/Surfaces/DesertSand_03/T_DesertSand_03_R.uasset" 49
"D:/YagiiiInc/FuryRoad/FuryRoad/Content/Megascans/Surfaces/DesertSand_03/MI_DesertSand_03.uasset" 50
"D:/YagiiiInc/FuryRoad/FuryRoad/Content/Megascans/Surfaces/DesertSand_03/T_DesertSand_03_DP.uasset" 51
"D:/YagiiiInc/FuryRoad/FuryRoad/Content/Megascans/Surfaces/DesertSand_04/T_DesertSand_04_D.uasset" 52
"D:/YagiiiInc/FuryRoad/FuryRoad/Content/Megascans/Surfaces/DesertSand_04/T_DesertSand_04_N.uasset" 53
"D:/YagiiiInc/FuryRoad/FuryRoad/Content/Megascans/Surfaces/DesertSand_04/T_DesertSand_04_R.uasset" 54
"D:/YagiiiInc/FuryRoad/FuryRoad/Content/Megascans/Surfaces/DesertSand_04/MI_DesertSand_04.uasset" 55
"D:/YagiiiInc/FuryRoad/FuryRoad/Content/Megascans/Surfaces/DestroyedRoad/T_DestroyedRoad_D.uasset" 56
"D:/YagiiiInc/FuryRoad/FuryRoad/Content/Megascans/Surfaces/DestroyedRoad/T_DestroyedRoad_N.uasset" 57
"D:/YagiiiInc/FuryRoad/FuryRoad/Content/Megascans/Surfaces/DestroyedRoad/T_DestroyedRoad_R.uasset" 58
"D:/YagiiiInc/FuryRoad/FuryRoad/Content/Megascans/Surfaces/DestroyedRoad/M_DestroyedRoad.uasset" 59
"D:/YagiiiInc/FuryRoad/FuryRoad/Content/Megascans/Surfaces/DestroyedRoad/T_DestroyedRoad_DP.uasset" 60
"D:/YagiiiInc/FuryRoad/FuryRoad/Content/Megascans/Surfaces/FineRoad/T_FineRoad_D.uasset" 61
"D:/YagiiiInc/FuryRoad/FuryRoad/Content/Megascans/Surfaces/FineRoad/T_FineRoad_N.uasset" 62
"D:/YagiiiInc/FuryRoad/FuryRoad/Content/Megascans/Surfaces/FineRoad/T_FineRoad_R.uasset" 63
"D:/YagiiiInc/FuryRoad/FuryRoad/Content/Megascans/Surfaces/FineRoad/M_FineRoad.uasset" 64
"D:/YagiiiInc/FuryRoad/FuryRoad/Content/Megascans/Surfaces/FineRoad/T_FineRoad_DP.uasset" 65
"D:/YagiiiInc/FuryRoad/FuryRoad/Content/Megascans/Surfaces/Ground/T_Ground_DP.uasset" 66
"D:/YagiiiInc/FuryRoad/FuryRoad/Content/Megascans/Surfaces/Ground/T_Ground_D.uasset" 67
"D:/YagiiiInc/FuryRoad/FuryRoad/Content/Megascans/Surfaces/Ground/T_Ground_N.uasset" 68
"D:/YagiiiInc/FuryRoad/FuryRoad/Content/Megascans/Surfaces/Ground/T_Ground_R.uasset" 69
"D:/YagiiiInc/FuryRoad/FuryRoad/Content/Megascans/Surfaces/Ground/MI_Ground.uasset" 70
"D:/YagiiiInc/FuryRoad/FuryRoad/Content/Megascans/Surfaces/RockyGround/T_RockyGround_D.uasset" 71
"D:/YagiiiInc/FuryRoad/FuryRoad/Content/Megascans/Surfaces/RockyGround/T_RockyGround_N.uasset" 72
"D:/YagiiiInc/FuryRoad/FuryRoad/Content/Megascans/Surfaces/RockyGround/T_RockyGround_R.uasset" 73
"D:/YagiiiInc/FuryRoad/FuryRoad/Content/Megascans/Surfaces/RockyGround/MI_RockyGround.uasset" 74
"D:/YagiiiInc/FuryRoad/FuryRoad/Content/Megascans/Surfaces/RockyGround/T_RockyGround_DP.uasset" 75
"D:/YagiiiInc/FuryRoad/FuryRoad/Content/MSPresets/MSTextures/Albedo.uasset" 76
"D:/YagiiiInc/FuryRoad/FuryRoad/Content/MSPresets/MSTextures/AO.uasset" 77
"D:/YagiiiInc/FuryRoad/FuryRoad/Content/MSPresets/MSTextures/Displacement.uasset" 78
"D:/YagiiiInc/FuryRoad/FuryRoad/Content/MSPresets/MSTextures/Metalness.uasset" 79
"D:/YagiiiInc/FuryRoad/FuryRoad/Content/MSPresets/MSTextures/noise_mask.uasset" 80
"D:/YagiiiInc/FuryRoad/FuryRoad/Content/MSPresets/MSTextures/noise_normal.uasset" 81
"D:/YagiiiInc/FuryRoad/FuryRoad/Content/MSPresets/MSTextures/Normal.uasset" 82
"D:/YagiiiInc/FuryRoad/FuryRoad/Content/MSPresets/MSTextures/Roughness.uasset" 83
"D:/YagiiiInc/FuryRoad/FuryRoad/Content/MSPresets/MS_DefaultMaterial/Functions/MF_Displacement.uasset" 84
"D:/YagiiiInc/FuryRoad/FuryRoad/Content/MSPresets/MS_DefaultMaterial/Functions/MF_Fuzz.uasset" 85
"D:/YagiiiInc/FuryRoad/FuryRoad/Content/MSPresets/MS_DefaultMaterial_Displacement/Functions/MF_Fuzz.uasset" 86
"D:/YagiiiInc/FuryRoad/FuryRoad/Content/StarterContent/Audio/Collapse01.uasset" 87
"D:/YagiiiInc/FuryRoad/FuryRoad/Content/StarterContent/Audio/Collapse02.uasset" 88
"D:/YagiiiInc/FuryRoad/FuryRoad/Content/StarterContent/Audio/Collapse_Cue.uasset" 89
"D:/YagiiiInc/FuryRoad/FuryRoad/Content/StarterContent/Audio/Explosion01.uasset" 90
"D:/YagiiiInc/FuryRoad/FuryRoad/Content/StarterContent/Audio/Explosion02.uasset" 91
"D:/YagiiiInc/FuryRoad/FuryRoad/Content/StarterContent/Audio/Fire_Sparks01.uasset" 92
"D:/YagiiiInc/FuryRoad/FuryRoad/Content/StarterContent/Audio/Light01.uasset" 93
"D:/YagiiiInc/FuryRoad/FuryRoad/Content/StarterContent/Audio/Light01_Cue.uasset" 94
"D:/YagiiiInc/FuryRoad/FuryRoad/Content/StarterContent/Audio/Light02.uasset" 95
"D:/YagiiiInc/FuryRoad/FuryRoad/Content/StarterContent/Audio/Light02_Cue.uasset" 96
"D:/YagiiiInc/FuryRoad/FuryRoad/Content/StarterContent/Audio/Smoke01.uasset" 97
"D:/YagiiiInc/FuryRoad/FuryRoad/Content/StarterContent/Audio/Starter_Background_Cue.uasset" 98
"D:/YagiiiInc/FuryRoad/FuryRoad/Content/StarterContent/Audio/Starter_Birds01.uasset" 99
"D:/YagiiiInc/FuryRoad/FuryRoad/Content/StarterContent/Audio/Starter_Music01.uasset" 100
"D:/YagiiiInc/FuryRoad/FuryRoad/Content/StarterContent/Audio/Starter_Music_Cue.uasset" 101
"D:/YagiiiInc/FuryRoad/FuryRoad/Content/StarterContent/Audio/Starter_Wind05.uasset" 102
"D:/YagiiiInc/FuryRoad/FuryRoad/Content/StarterContent/Audio/Starter_Wind06.uasset" 103
"D:/YagiiiInc/FuryRoad/FuryRoad/Content/StarterContent/Audio/Steam01.uasset" 104
"D:/YagiiiInc/FuryRoad/FuryRoad/Content/StarterContent/Textures/T_Lamp_N.uasset" 105
"D:/YagiiiInc/FuryRoad/FuryRoad/Content/StarterContent/Textures/T_Lamp_M.uasset" 106
"D:/YagiiiInc/FuryRoad/FuryRoad/Content/StarterContent/Props/Materials/M_Lamp.uasset" 107
"D:/YagiiiInc/FuryRoad/FuryRoad/Content/StarterContent/Props/SM_Lamp_Ceiling.uasset" 108
"D:/YagiiiInc/FuryRoad/FuryRoad/Content/StarterContent/Blueprints/Blueprint_CeilingLight.uasset" 109
"D:/YagiiiInc/FuryRoad/FuryRoad/Content/StarterContent/Audio/Explosion_Cue.uasset" 110
"D:/YagiiiInc/FuryRoad/FuryRoad/Content/StarterContent/Textures/T_Smoke_Tiled_D.uasset" 111
"D:/YagiiiInc/FuryRoad/FuryRoad/Content/StarterContent/Textures/T_Smoke_SubUV.uasset" 112
"D:/YagiiiInc/FuryRoad/FuryRoad/Content/StarterContent/Particles/Materials/M_smoke_subUV.uasset" 113
"../../../Engine/Content/Functions/Engine_MaterialFunctions01/Gradient/RadialGradient.uasset" 114
"D:/YagiiiInc/FuryRoad/FuryRoad/Content/StarterContent/Particles/Materials/M_radial_ramp.uasset" 115
"D:/YagiiiInc/FuryRoad/FuryRoad/Content/StarterContent/Particles/Materials/m_flare_01.uasset" 116
"D:/YagiiiInc/FuryRoad/FuryRoad/Content/StarterContent/Textures/T_Explosion_SubUV.uasset" 117
"D:/YagiiiInc/FuryRoad/FuryRoad/Content/StarterContent/Particles/Materials/M_explosion_subUV.uasset" 118
"D:/YagiiiInc/FuryRoad/FuryRoad/Content/StarterContent/Textures/T_Burst_M.uasset" 119
"D:/YagiiiInc/FuryRoad/FuryRoad/Content/StarterContent/Particles/Materials/M_Burst.uasset" 120
"D:/YagiiiInc/FuryRoad/FuryRoad/Content/StarterContent/Particles/P_Explosion.uasset" 121
"D:/YagiiiInc/FuryRoad/FuryRoad/Content/StarterContent/Blueprints/Blueprint_Effect_Explosion.uasset" 122
"D:/YagiiiInc/FuryRoad/FuryRoad/Content/StarterContent/Particles/P_Smoke.uasset" 123
"D:/YagiiiInc/FuryRoad/FuryRoad/Content/StarterContent/Audio/Smoke01_Cue.uasset" 124
"D:/YagiiiInc/FuryRoad/FuryRoad/Content/StarterContent/Blueprints/Blueprint_Effect_Smoke.uasset" 125
"D:/YagiiiInc/FuryRoad/FuryRoad/Content/StarterContent/Audio/Fire_Sparks01_Cue.uasset" 126
"D:/YagiiiInc/FuryRoad/FuryRoad/Content/StarterContent/Textures/T_Spark_Core.uasset" 127
"D:/YagiiiInc/FuryRoad/FuryRoad/Content/StarterContent/Particles/Materials/M_Spark.uasset" 128
"D:/YagiiiInc/FuryRoad/FuryRoad/Content/StarterContent/Particles/Materials/M_Radial_Gradient.uasset" 129
"D:/YagiiiInc/FuryRoad/FuryRoad/Content/StarterContent/Particles/P_Sparks.uasset" 130
"D:/YagiiiInc/FuryRoad/FuryRoad/Content/StarterContent/Blueprints/Blueprint_Effect_Sparks.uasset" 131
"D:/YagiiiInc/FuryRoad/FuryRoad/Content/StarterContent/Particles/P_Steam_Lit.uasset" 132
"D:/YagiiiInc/FuryRoad/FuryRoad/Content/StarterContent/Audio/Steam01_Cue.uasset" 133
"D:/YagiiiInc/FuryRoad/FuryRoad/Content/StarterContent/Blueprints/Blueprint_Effect_Steam.uasset" 134
"D:/YagiiiInc/FuryRoad/FuryRoad/Content/StarterContent/Props/SM_Lamp_Wall.uasset" 135
"D:/YagiiiInc/FuryRoad/FuryRoad/Content/StarterContent/Blueprints/Blueprint_WallSconce.uasset" 136
"D:/YagiiiInc/FuryRoad/FuryRoad/Content/StarterContent/HDRI/HDRI_Epic_Courtyard_Daylight.uasset" 137
"../../../Engine/Content/EngineMaterials/T_Default_Material_Grid_N.uasset" 138
"../../../Engine/Content/EngineMaterials/T_Default_Material_Grid_M.uasset" 139
"../../../Engine/Content/Functions/Engine_MaterialFunctions01/Opacity/CameraDepthFade.uasset" 140
"../../../Engine/Content/EngineMaterials/WorldGridMaterial.uasset" 141
"D:/YagiiiInc/FuryRoad/FuryRoad/Content/StarterContent/Blueprints/Assets/SM_Arrows.uasset" 142
"../../../Engine/Content/EditorMaterials/Thumbnails/SkySphereMaterial.uasset" 143
"D:/YagiiiInc/FuryRoad/FuryRoad/Content/StarterContent/Blueprints/Assets/Skybox.uasset" 144
"../../../Engine/Content/MapTemplates/Sky/DaylightAmbientCubemap.uasset" 145
"D:/YagiiiInc/FuryRoad/FuryRoad/Content/StarterContent/Blueprints/Assets/M_LightStage_Skybox_Master.uasset" 146
"D:/YagiiiInc/FuryRoad/FuryRoad/Content/StarterContent/Blueprints/Assets/M_LightStage_Skybox_HDRI.uasset" 147
"D:/YagiiiInc/FuryRoad/FuryRoad/Content/StarterContent/Blueprints/Assets/M_LightStage_Skybox_Black.uasset" 148
"D:/YagiiiInc/FuryRoad/FuryRoad/Content/StarterContent/Blueprints/Assets/M_LightStage_Arrows.uasset" 149
"D:/YagiiiInc/FuryRoad/FuryRoad/Content/StarterContent/Blueprints/Assets/SunlightColorLUT.uasset" 150
"D:/YagiiiInc/FuryRoad/FuryRoad/Content/StarterContent/Blueprints/Assets/FogBrightnessLUT.uasset" 151
"D:/YagiiiInc/FuryRoad/FuryRoad/Content/StarterContent/Blueprints/BP_LightStudio.uasset" 152
"D:/YagiiiInc/FuryRoad/FuryRoad/Content/StarterContent/Materials/M_AssetPlatform.uasset" 153
"D:/YagiiiInc/FuryRoad/FuryRoad/Content/StarterContent/Textures/T_MacroVariation.uasset" 154
"D:/YagiiiInc/FuryRoad/FuryRoad/Content/StarterContent/Textures/T_Brick_Clay_Beveled_N.uasset" 155
"D:/YagiiiInc/FuryRoad/FuryRoad/Content/StarterContent/Textures/T_Brick_Clay_Beveled_M.uasset" 156
"D:/YagiiiInc/FuryRoad/FuryRoad/Content/StarterContent/Textures/T_Brick_Clay_Beveled_D.uasset" 157
"D:/YagiiiInc/FuryRoad/FuryRoad/Content/StarterContent/Materials/M_Brick_Clay_Beveled.uasset" 158
"D:/YagiiiInc/FuryRoad/FuryRoad/Content/StarterContent/Textures/T_Detail_Rocky_N.uasset" 159
"D:/YagiiiInc/FuryRoad/FuryRoad/Content/StarterContent/Textures/T_Brick_Clay_New_N.uasset" 160
"D:/YagiiiInc/FuryRoad/FuryRoad/Content/StarterContent/Textures/T_Brick_Clay_New_M.uasset" 161
"D:/YagiiiInc/FuryRoad/FuryRoad/Content/StarterContent/Textures/T_Brick_Clay_New_D.uasset" 162
"D:/YagiiiInc/FuryRoad/FuryRoad/Content/StarterContent/Materials/M_Brick_Clay_New.uasset" 163
"D:/YagiiiInc/FuryRoad/FuryRoad/Content/StarterContent/Textures/T_Brick_Clay_Old_N.uasset" 164
"D:/YagiiiInc/FuryRoad/FuryRoad/Content/StarterContent/Textures/T_Brick_Clay_Old_D.uasset" 165
"D:/YagiiiInc/FuryRoad/FuryRoad/Content/StarterContent/Textures/T_Perlin_Noise_M.uasset" 166
"D:/YagiiiInc/FuryRoad/FuryRoad/Content/StarterContent/Materials/M_Brick_Clay_Old.uasset" 167
"D:/YagiiiInc/FuryRoad/FuryRoad/Content/StarterContent/Textures/T_Brick_Cut_Stone_N.uasset" 168
"D:/YagiiiInc/FuryRoad/FuryRoad/Content/StarterContent/Textures/T_Brick_Cut_Stone_D.uasset" 169
"D:/YagiiiInc/FuryRoad/FuryRoad/Content/StarterContent/Materials/M_Brick_Cut_Stone.uasset" 170
"D:/YagiiiInc/FuryRoad/FuryRoad/Content/StarterContent/Textures/T_Brick_Hewn_Stone_N.uasset" 171
"D:/YagiiiInc/FuryRoad/FuryRoad/Content/StarterContent/Textures/T_Brick_Hewn_Stone_M.uasset" 172
"D:/YagiiiInc/FuryRoad/FuryRoad/Content/StarterContent/Textures/T_Brick_Hewn_Stone_D.uasset" 173
"D:/YagiiiInc/FuryRoad/FuryRoad/Content/StarterContent/Materials/M_Brick_Hewn_Stone.uasset" 174
"D:/YagiiiInc/FuryRoad/FuryRoad/Content/StarterContent/Textures/T_Rock_Marble_Polished_D.uasset" 175
"D:/YagiiiInc/FuryRoad/FuryRoad/Content/StarterContent/Textures/T_Ceramic_Tile_N.uasset" 176
"D:/YagiiiInc/FuryRoad/FuryRoad/Content/StarterContent/Textures/T_Ceramic_Tile_M.uasset" 177
"D:/YagiiiInc/FuryRoad/FuryRoad/Content/StarterContent/Materials/M_Ceramic_Tile_Checker.uasset" 178
"D:/YagiiiInc/FuryRoad/FuryRoad/Content/StarterContent/Textures/T_CobbleStone_Pebble_N.uasset" 179
"D:/YagiiiInc/FuryRoad/FuryRoad/Content/StarterContent/Textures/T_CobbleStone_Pebble_M.uasset" 180
"D:/YagiiiInc/FuryRoad/FuryRoad/Content/StarterContent/Textures/T_CobbleStone_Pebble_D.uasset" 181
"D:/YagiiiInc/FuryRoad/FuryRoad/Content/StarterContent/Materials/M_CobbleStone_Pebble.uasset" 182
"D:/YagiiiInc/FuryRoad/FuryRoad/Content/StarterContent/Textures/T_Rock_Smooth_Granite_D.uasset" 183
"D:/YagiiiInc/FuryRoad/FuryRoad/Content/StarterContent/Textures/T_Gradinet_01.uasset" 184
"D:/YagiiiInc/FuryRoad/FuryRoad/Content/StarterContent/Textures/T_CobbleStone_Rough_N.uasset" 185
"D:/YagiiiInc/FuryRoad/FuryRoad/Content/StarterContent/Textures/T_CobbleStone_Rough_D.uasset" 186
"D:/YagiiiInc/FuryRoad/FuryRoad/Content/StarterContent/Materials/M_CobbleStone_Rough.uasset" 187
"D:/YagiiiInc/FuryRoad/FuryRoad/Content/StarterContent/Textures/T_CobbleStone_Smooth_N.uasset" 188
"D:/YagiiiInc/FuryRoad/FuryRoad/Content/StarterContent/Textures/T_CobbleStone_Smooth_M.uasset" 189
"D:/YagiiiInc/FuryRoad/FuryRoad/Content/StarterContent/Textures/T_CobbleStone_Smooth_D.uasset" 190
"D:/YagiiiInc/FuryRoad/FuryRoad/Content/StarterContent/Materials/M_CobbleStone_Smooth.uasset" 191
"../../../Engine/Content/EditorMeshes/ColorCalibrator/T_ColorGrid.uasset" 192
"D:/YagiiiInc/FuryRoad/FuryRoad/Content/StarterContent/Materials/M_ColorGrid_LowSpec.uasset" 193
"D:/YagiiiInc/FuryRoad/FuryRoad/Content/StarterContent/Textures/T_Metal_Rust_N.uasset" 194
"D:/YagiiiInc/FuryRoad/FuryRoad/Content/StarterContent/Textures/T_Concrete_Grime_D.uasset" 195
"D:/YagiiiInc/FuryRoad/FuryRoad/Content/StarterContent/Materials/M_Concrete_Grime.uasset" 196
"D:/YagiiiInc/FuryRoad/FuryRoad/Content/StarterContent/Textures/T_Concrete_Panels_N.uasset" 197
"D:/YagiiiInc/FuryRoad/FuryRoad/Content/StarterContent/Textures/T_Concrete_Panels_D.uasset" 198
"D:/YagiiiInc/FuryRoad/FuryRoad/Content/StarterContent/Materials/M_Concrete_Panels.uasset" 199
"D:/YagiiiInc/FuryRoad/FuryRoad/Content/StarterContent/Textures/T_Concrete_Poured_N.uasset" 200
"D:/YagiiiInc/FuryRoad/FuryRoad/Content/StarterContent/Textures/T_Concrete_Poured_D.uasset" 201
"D:/YagiiiInc/FuryRoad/FuryRoad/Content/StarterContent/Materials/M_Concrete_Poured.uasset" 202
"D:/YagiiiInc/FuryRoad/FuryRoad/Content/StarterContent/Textures/T_Concrete_Tiles_Variation_M.uasset" 203
"D:/YagiiiInc/FuryRoad/FuryRoad/Content/StarterContent/Textures/T_Concrete_Tiles_N.uasset" 204
"D:/YagiiiInc/FuryRoad/FuryRoad/Content/StarterContent/Textures/T_Concrete_Tiles_M.uasset" 205
"D:/YagiiiInc/FuryRoad/FuryRoad/Content/StarterContent/Textures/T_Concrete_Tiles_D.uasset" 206
"D:/YagiiiInc/FuryRoad/FuryRoad/Content/StarterContent/Materials/M_Concrete_Tiles.uasset" 207
"D:/YagiiiInc/FuryRoad/FuryRoad/Content/StarterContent/Textures/T_Ground_Grass_N.uasset" 208
"D:/YagiiiInc/FuryRoad/FuryRoad/Content/StarterContent/Textures/T_Ground_Grass_D.uasset" 209
"D:/YagiiiInc/FuryRoad/FuryRoad/Content/StarterContent/Materials/M_Ground_Grass.uasset" 210
"D:/YagiiiInc/FuryRoad/FuryRoad/Content/StarterContent/Textures/T_Ground_Gravel_N.uasset" 211
"D:/YagiiiInc/FuryRoad/FuryRoad/Content/StarterContent/Textures/T_Ground_Gravel_D.uasset" 212
"D:/YagiiiInc/FuryRoad/FuryRoad/Content/StarterContent/Materials/M_Ground_Gravel.uasset" 213
"D:/YagiiiInc/FuryRoad/FuryRoad/Content/StarterContent/Textures/T_Ground_Moss_N.uasset" 214
"D:/YagiiiInc/FuryRoad/FuryRoad/Content/StarterContent/Textures/T_ground_Moss_D.uasset" 215
"D:/YagiiiInc/FuryRoad/FuryRoad/Content/StarterContent/Materials/M_Ground_Moss.uasset" 216
"D:/YagiiiInc/FuryRoad/FuryRoad/Content/StarterContent/Materials/M_Metal_Brushed_Nickel.uasset" 217
"D:/YagiiiInc/FuryRoad/FuryRoad/Content/StarterContent/Textures/T_Metal_Gold_N.uasset" 218
"D:/YagiiiInc/FuryRoad/FuryRoad/Content/StarterContent/Textures/T_Metal_Aluminum_D.uasset" 219
"D:/YagiiiInc/FuryRoad/FuryRoad/Content/StarterContent/Materials/M_Metal_Burnished_Steel.uasset" 220
"D:/YagiiiInc/FuryRoad/FuryRoad/Content/StarterContent/Materials/M_Metal_Chrome.uasset" 221
"D:/YagiiiInc/FuryRoad/FuryRoad/Content/StarterContent/Textures/T_Metal_Copper_D.uasset" 222
"D:/YagiiiInc/FuryRoad/FuryRoad/Content/StarterContent/Materials/M_Metal_Copper.uasset" 223
"D:/YagiiiInc/FuryRoad/FuryRoad/Content/StarterContent/Textures/T_Metal_Gold_D.uasset" 224
"D:/YagiiiInc/FuryRoad/FuryRoad/Content/StarterContent/Materials/M_Metal_Gold.uasset" 225
"D:/YagiiiInc/FuryRoad/FuryRoad/Content/StarterContent/Textures/T_Metal_Rust_D.uasset" 226
"D:/YagiiiInc/FuryRoad/FuryRoad/Content/StarterContent/Materials/M_Metal_Rust.uasset" 227
"D:/YagiiiInc/FuryRoad/FuryRoad/Content/StarterContent/Textures/T_Metal_Steel_N.uasset" 228
"D:/YagiiiInc/FuryRoad/FuryRoad/Content/StarterContent/Textures/T_Metal_Steel_D.uasset" 229
"D:/YagiiiInc/FuryRoad/FuryRoad/Content/StarterContent/Materials/M_Metal_Steel.uasset" 230
"D:/YagiiiInc/FuryRoad/FuryRoad/Content/StarterContent/Textures/T_Rock_Basalt_N.uasset" 231
"D:/YagiiiInc/FuryRoad/FuryRoad/Content/StarterContent/Textures/T_Rock_Basalt_D.uasset" 232
"D:/YagiiiInc/FuryRoad/FuryRoad/Content/StarterContent/Materials/M_Rock_Basalt.uasset" 233
"D:/YagiiiInc/FuryRoad/FuryRoad/Content/StarterContent/Materials/M_Rock_Marble_Polished.uasset" 234
"D:/YagiiiInc/FuryRoad/FuryRoad/Content/StarterContent/Textures/T_Rock_Sandstone_N.uasset" 235
"D:/YagiiiInc/FuryRoad/FuryRoad/Content/StarterContent/Textures/T_Rock_Sandstone_D.uasset" 236
"D:/YagiiiInc/FuryRoad/FuryRoad/Content/StarterContent/Materials/M_Rock_Sandstone.uasset" 237
"D:/YagiiiInc/FuryRoad/FuryRoad/Content/StarterContent/Textures/T_Rock_Slate_N.uasset" 238
"D:/YagiiiInc/FuryRoad/FuryRoad/Content/StarterContent/Textures/T_Rock_Slate_D.uasset" 239
"D:/YagiiiInc/FuryRoad/FuryRoad/Content/StarterContent/Materials/M_Rock_Slate.uasset" 240
"D:/YagiiiInc/FuryRoad/FuryRoad/Content/StarterContent/Textures/T_Tech_Dot_N.uasset" 241
"D:/YagiiiInc/FuryRoad/FuryRoad/Content/StarterContent/Textures/T_Tech_Dot_M.uasset" 242
"D:/YagiiiInc/FuryRoad/FuryRoad/Content/StarterContent/Textures/T_Single_Tile_N.uasset" 243
"D:/YagiiiInc/FuryRoad/FuryRoad/Content/StarterContent/Textures/T_Checker_Noise_M.uasset" 244
"D:/YagiiiInc/FuryRoad/FuryRoad/Content/StarterContent/Materials/M_Tech_Checker_Dot.uasset" 245
"D:/YagiiiInc/FuryRoad/FuryRoad/Content/StarterContent/Textures/T_Tech_Hex_Tile_N.uasset" 246
"D:/YagiiiInc/FuryRoad/FuryRoad/Content/StarterContent/Textures/T_Tech_Hex_Tile_M.uasset" 247
"D:/YagiiiInc/FuryRoad/FuryRoad/Content/StarterContent/Materials/M_Tech_Hex_Tile.uasset" 248
"D:/YagiiiInc/FuryRoad/FuryRoad/Content/StarterContent/Materials/M_Tech_Hex_Tile_Pulse.uasset" 249
"D:/YagiiiInc/FuryRoad/FuryRoad/Content/StarterContent/Textures/T_Tech_Panel_N.uasset" 250
"D:/YagiiiInc/FuryRoad/FuryRoad/Content/StarterContent/Textures/T_Tech_Panel_M.uasset" 251
"D:/YagiiiInc/FuryRoad/FuryRoad/Content/StarterContent/Materials/M_Tech_Panel.uasset" 252
"D:/YagiiiInc/FuryRoad/FuryRoad/Content/StarterContent/Textures/T_Water_N.uasset" 253
"D:/YagiiiInc/FuryRoad/FuryRoad/Content/StarterContent/Materials/M_Water_Lake.uasset" 254
"D:/YagiiiInc/FuryRoad/FuryRoad/Content/StarterContent/Textures/T_Water_M.uasset" 255
"D:/YagiiiInc/FuryRoad/FuryRoad/Content/StarterContent/Materials/M_Water_Ocean.uasset" 256
"D:/YagiiiInc/FuryRoad/FuryRoad/Content/StarterContent/Textures/T_Wood_Floor_Walnut_N.uasset" 257
"D:/YagiiiInc/FuryRoad/FuryRoad/Content/StarterContent/Textures/T_Wood_Floor_Walnut_M.uasset" 258
"D:/YagiiiInc/FuryRoad/FuryRoad/Content/StarterContent/Textures/T_Wood_Floor_Walnut_D.uasset" 259
"D:/YagiiiInc/FuryRoad/FuryRoad/Content/StarterContent/Materials/M_Wood_Floor_Walnut_Polished.uasset" 260
"../../../Engine/Content/Functions/Engine_MaterialFunctions01/Opacity/AlphaOffset.uasset" 261
"D:/YagiiiInc/FuryRoad/FuryRoad/Content/StarterContent/Materials/M_Wood_Floor_Walnut_Worn.uasset" 262
"D:/YagiiiInc/FuryRoad/FuryRoad/Content/StarterContent/Textures/T_Wood_Oak_N.uasset" 263
"D:/YagiiiInc/FuryRoad/FuryRoad/Content/StarterContent/Textures/T_Wood_Oak_D.uasset" 264
"D:/YagiiiInc/FuryRoad/FuryRoad/Content/StarterContent/Materials/M_Wood_Oak.uasset" 265
"D:/YagiiiInc/FuryRoad/FuryRoad/Content/StarterContent/Textures/T_Wood_Pine_N.uasset" 266
"D:/YagiiiInc/FuryRoad/FuryRoad/Content/StarterContent/Textures/T_Wood_Pine_D.uasset" 267
"D:/YagiiiInc/FuryRoad/FuryRoad/Content/StarterContent/Materials/M_Wood_Pine.uasset" 268
"D:/YagiiiInc/FuryRoad/FuryRoad/Content/StarterContent/Textures/T_Wood_Walnut_D.uasset" 269
"D:/YagiiiInc/FuryRoad/FuryRoad/Content/StarterContent/Textures/T_Wood_Walnut_N.uasset" 270
"D:/YagiiiInc/FuryRoad/FuryRoad/Content/StarterContent/Materials/M_Wood_Walnut.uasset" 271
"D:/YagiiiInc/FuryRoad/FuryRoad/Content/StarterContent/Textures/T_Dust_Particle_D.uasset" 272
"D:/YagiiiInc/FuryRoad/FuryRoad/Content/StarterContent/Particles/Materials/M_Dust_Particle.uasset" 273
"D:/YagiiiInc/FuryRoad/FuryRoad/Content/StarterContent/Particles/P_Ambient_Dust.uasset" 274
"D:/YagiiiInc/FuryRoad/FuryRoad/Content/StarterContent/Props/MaterialSphere.uasset" 275
"D:/YagiiiInc/FuryRoad/FuryRoad/Content/StarterContent/Textures/T_Bush_N.uasset" 276
"D:/YagiiiInc/FuryRoad/FuryRoad/Content/StarterContent/Textures/T_Bush_D.uasset" 277
"D:/YagiiiInc/FuryRoad/FuryRoad/Content/StarterContent/Props/Materials/M_Bush.uasset" 278
"D:/YagiiiInc/FuryRoad/FuryRoad/Content/StarterContent/Props/SM_Bush.uasset" 279
"D:/YagiiiInc/FuryRoad/FuryRoad/Content/StarterContent/Textures/T_Chair_N.uasset" 280
"D:/YagiiiInc/FuryRoad/FuryRoad/Content/StarterContent/Textures/T_Chair_M.uasset" 281
"D:/YagiiiInc/FuryRoad/FuryRoad/Content/StarterContent/Props/Materials/M_Chair.uasset" 282
"D:/YagiiiInc/FuryRoad/FuryRoad/Content/StarterContent/Props/SM_Chair.uasset" 283
"D:/YagiiiInc/FuryRoad/FuryRoad/Content/StarterContent/Textures/T_Frame_N.uasset" 284
"D:/YagiiiInc/FuryRoad/FuryRoad/Content/StarterContent/Textures/T_Frame_M.uasset" 285
"D:/YagiiiInc/FuryRoad/FuryRoad/Content/StarterContent/Props/Materials/M_Frame.uasset" 286
"D:/YagiiiInc/FuryRoad/FuryRoad/Content/StarterContent/Props/SM_CornerFrame.uasset" 287
"D:/YagiiiInc/FuryRoad/FuryRoad/Content/StarterContent/Props/SM_Couch.uasset" 288
"D:/YagiiiInc/FuryRoad/FuryRoad/Content/StarterContent/Materials/M_Glass.uasset" 289
"D:/YagiiiInc/FuryRoad/FuryRoad/Content/StarterContent/Textures/T_Door_N.uasset" 290
"D:/YagiiiInc/FuryRoad/FuryRoad/Content/StarterContent/Textures/T_Door_M.uasset" 291
"D:/YagiiiInc/FuryRoad/FuryRoad/Content/StarterContent/Props/Materials/M_Door.uasset" 292
"D:/YagiiiInc/FuryRoad/FuryRoad/Content/StarterContent/Props/SM_Door.uasset" 293
"D:/YagiiiInc/FuryRoad/FuryRoad/Content/StarterContent/Props/SM_DoorFrame.uasset" 294
"D:/YagiiiInc/FuryRoad/FuryRoad/Content/StarterContent/Props/SM_GlassWindow.uasset" 295
"D:/YagiiiInc/FuryRoad/FuryRoad/Content/StarterContent/Props/Materials/M_MaterialSphere_Plain.uasset" 296
"D:/YagiiiInc/FuryRoad/FuryRoad/Content/StarterContent/Props/Materials/M_MaterialSphere.uasset" 297
"D:/YagiiiInc/FuryRoad/FuryRoad/Content/StarterContent/Props/SM_MatPreviewMesh_02.uasset" 298
"D:/YagiiiInc/FuryRoad/FuryRoad/Content/StarterContent/Props/SM_PillarFrame.uasset" 299
"D:/YagiiiInc/FuryRoad/FuryRoad/Content/StarterContent/Props/SM_PillarFrame300.uasset" 300
"D:/YagiiiInc/FuryRoad/FuryRoad/Content/StarterContent/Textures/T_RockMesh_N.uasset" 301
"D:/YagiiiInc/FuryRoad/FuryRoad/Content/StarterContent/Textures/T_RockMesh_M.uasset" 302
"D:/YagiiiInc/FuryRoad/FuryRoad/Content/StarterContent/Props/Materials/M_Rock.uasset" 303
"D:/YagiiiInc/FuryRoad/FuryRoad/Content/StarterContent/Props/SM_Rock.uasset" 304
"D:/YagiiiInc/FuryRoad/FuryRoad/Content/StarterContent/Textures/T_Shelf_N.uasset" 305
"D:/YagiiiInc/FuryRoad/FuryRoad/Content/StarterContent/Textures/T_Shelf_M.uasset" 306
"D:/YagiiiInc/FuryRoad/FuryRoad/Content/StarterContent/Props/Materials/M_Shelf.uasset" 307
"D:/YagiiiInc/FuryRoad/FuryRoad/Content/StarterContent/Props/SM_Shelf.uasset" 308
"D:/YagiiiInc/FuryRoad/FuryRoad/Content/StarterContent/Materials/M_Basic_Wall.uasset" 309
"D:/YagiiiInc/FuryRoad/FuryRoad/Content/StarterContent/Materials/M_Basic_Floor.uasset" 310
"D:/YagiiiInc/FuryRoad/FuryRoad/Content/StarterContent/Props/SM_Stairs.uasset" 311
"D:/YagiiiInc/FuryRoad/FuryRoad/Content/StarterContent/Textures/T_Statue_N.uasset" 312
"D:/YagiiiInc/FuryRoad/FuryRoad/Content/StarterContent/Textures/T_Statue_M.uasset" 313
"D:/YagiiiInc/FuryRoad/FuryRoad/Content/StarterContent/Props/Materials/M_StatueGlass.uasset" 314
"D:/YagiiiInc/FuryRoad/FuryRoad/Content/StarterContent/Props/Materials/M_Statue.uasset" 315
"D:/YagiiiInc/FuryRoad/FuryRoad/Content/StarterContent/Props/SM_Statue.uasset" 316
"D:/YagiiiInc/FuryRoad/FuryRoad/Content/StarterContent/Textures/T_TableRound_N.uasset" 317
"D:/YagiiiInc/FuryRoad/FuryRoad/Content/StarterContent/Textures/T_TableRound_M.uasset" 318
"D:/YagiiiInc/FuryRoad/FuryRoad/Content/StarterContent/Props/Materials/M_TableRound.uasset" 319
"D:/YagiiiInc/FuryRoad/FuryRoad/Content/StarterContent/Props/SM_TableRound.uasset" 320
"D:/YagiiiInc/FuryRoad/FuryRoad/Content/StarterContent/Props/SM_WindowFrame.uasset" 321
"D:/YagiiiInc/FuryRoad/FuryRoad/Content/StarterContent/Shapes/Shape_Cone.uasset" 322
"D:/YagiiiInc/FuryRoad/FuryRoad/Content/StarterContent/Shapes/Shape_Cube.uasset" 323
"D:/YagiiiInc/FuryRoad/FuryRoad/Content/StarterContent/Shapes/Shape_Cylinder.uasset" 324
"D:/YagiiiInc/FuryRoad/FuryRoad/Content/StarterContent/Shapes/Shape_NarrowCapsule.uasset" 325
"D:/YagiiiInc/FuryRoad/FuryRoad/Content/StarterContent/Shapes/Shape_Pipe.uasset" 326
"D:/YagiiiInc/FuryRoad/FuryRoad/Content/StarterContent/Shapes/Shape_Pipe_180.uasset" 327
"D:/YagiiiInc/FuryRoad/FuryRoad/Content/StarterContent/Shapes/Shape_Pipe_90.uasset" 328
"D:/YagiiiInc/FuryRoad/FuryRoad/Content/StarterContent/Shapes/Shape_Plane.uasset" 329
"D:/YagiiiInc/FuryRoad/FuryRoad/Content/StarterContent/Shapes/Shape_QuadPyramid.uasset" 330
"D:/YagiiiInc/FuryRoad/FuryRoad/Content/StarterContent/Shapes/Shape_Sphere.uasset" 331
"D:/YagiiiInc/FuryRoad/FuryRoad/Content/StarterContent/Shapes/Shape_Torus.uasset" 332
"D:/YagiiiInc/FuryRoad/FuryRoad/Content/StarterContent/Shapes/Shape_Trim.uasset" 333
"D:/YagiiiInc/FuryRoad/FuryRoad/Content/StarterContent/Shapes/Shape_Trim_90_In.uasset" 334
"D:/YagiiiInc/FuryRoad/FuryRoad/Content/StarterContent/Shapes/Shape_Trim_90_Out.uasset" 335
"D:/YagiiiInc/FuryRoad/FuryRoad/Content/StarterContent/Shapes/Shape_TriPyramid.uasset" 336
"D:/YagiiiInc/FuryRoad/FuryRoad/Content/StarterContent/Shapes/Shape_Tube.uasset" 337
"D:/YagiiiInc/FuryRoad/FuryRoad/Content/StarterContent/Shapes/Shape_Wedge_A.uasset" 338
"D:/YagiiiInc/FuryRoad/FuryRoad/Content/StarterContent/Shapes/Shape_Wedge_B.uasset" 339
"D:/YagiiiInc/FuryRoad/FuryRoad/Content/StarterContent/Shapes/Shape_WideCapsule.uasset" 340
"../../../Engine/Content/EngineMaterials/Grid.uasset" 341
"D:/YagiiiInc/FuryRoad/FuryRoad/Content/VehicleAdv/Materials/MasterGrid.uasset" 342
"D:/YagiiiInc/FuryRoad/FuryRoad/Content/VehicleAdv/Materials/MaterialInstances/BlackGrid.uasset" 343
"D:/YagiiiInc/FuryRoad/FuryRoad/Content/VehicleAdv/Materials/Landscape.uasset" 344
"D:/YagiiiInc/FuryRoad/FuryRoad/Content/VehicleAdv/Materials/MaterialInstances/LandscapeNoHole.uasset" 345
"D:/YagiiiInc/FuryRoad/FuryRoad/Content/VehicleAdv/Materials/MaterialInstances/RedGrid.uasset" 346
"D:/YagiiiInc/FuryRoad/FuryRoad/Content/VehicleAdv/Materials/MasterSolidColor.uasset" 347
"D:/YagiiiInc/FuryRoad/FuryRoad/Content/VehicleAdv/Materials/MaterialInstances/SolidOrange.uasset" 348
"D:/YagiiiInc/FuryRoad/FuryRoad/Content/VehicleAdv/Materials/MaterialInstances/SolidRed.uasset" 349
"D:/YagiiiInc/FuryRoad/FuryRoad/Content/VehicleAdv/Sound/Engine_Speed_01_Loop.uasset" 350
"D:/YagiiiInc/FuryRoad/FuryRoad/Content/VehicleAdv/Sound/Engine_Speed_02_Loop.uasset" 351
"D:/YagiiiInc/FuryRoad/FuryRoad/Content/VehicleAdv/Sound/Engine_Speed_03_Loop.uasset" 352
"D:/YagiiiInc/FuryRoad/FuryRoad/Content/VehicleAdv/Sound/Engine_Speed_04_Loop.uasset" 353
"D:/YagiiiInc/FuryRoad/FuryRoad/Content/VehicleAdv/Sound/Engine_Speed_05_Loop.uasset" 354
"D:/YagiiiInc/FuryRoad/FuryRoad/Content/VehicleAdv/Sound/Engine_Speed_06_Loop.uasset" 355
"D:/YagiiiInc/FuryRoad/FuryRoad/Content/VehicleAdv/Textures/VehicleJoystick_BackgroundL.uasset" 356
"D:/YagiiiInc/FuryRoad/FuryRoad/Content/VehicleAdv/Textures/VehicleJoystick_BackgroundR.uasset" 357
"../../../Engine/Content/MobileResources/HUD/VirtualJoystick_Thumb.uasset" 358
"../../../Engine/Content/MobileResources/HUD/VirtualJoystick_Background.uasset" 359
"D:/YagiiiInc/FuryRoad/FuryRoad/Content/VehicleAdv/Vehicle/LeftVirtualJoystickOnly.uasset" 360
"D:/YagiiiInc/FuryRoad/FuryRoad/Content/VehicleAdv/Vehicle/VehicleBodyCollision.uasset" 361
"D:/YagiiiInc/FuryRoad/FuryRoad/Content/VehicleAdvBP/AdvancedVehicleOverview.uasset" 362
"../../../Engine/Content/Functions/Engine_MaterialFunctions03/Procedurals/ComputeFilterWidth.uasset" 363
"../../../Engine/Content/EngineFonts/RobotoDistanceField.uasset" 364
"../../../Engine/Content/EngineMaterials/AntiAliasedTextMaterialTranslucent.uasset" 365
"D:/YagiiiInc/FuryRoad/FuryRoad/Content/VehicleAdv/PhysicsMaterials/Slippery.uasset" 366
"D:/YagiiiInc/FuryRoad/FuryRoad/Content/VehicleAdv/PhysicsMaterials/NonSlippery.uasset" 367
"D:/YagiiiInc/FuryRoad/FuryRoad/Content/VehicleAdv/Vehicle/WheelData/Vehicle_FrontTireConfig.uasset" 368
"D:/YagiiiInc/FuryRoad/FuryRoad/Content/VehicleAdvBP/Blueprints/WheelData/WheelFront.uasset" 369
"D:/YagiiiInc/FuryRoad/FuryRoad/Content/VehicleAdv/Vehicle/WheelData/Vehicle_BackTireConfig.uasset" 370
"D:/YagiiiInc/FuryRoad/FuryRoad/Content/VehicleAdvBP/Blueprints/WheelData/WheelBack.uasset" 371
"D:/YagiiiInc/FuryRoad/FuryRoad/Content/VehicleAdvBP/Blueprints/VehicleAdvHud.uasset" 372
"D:/YagiiiInc/FuryRoad/FuryRoad/Content/VehicleAdv/Vehicle/VehiclePhysicsAsset.uasset" 373
"D:/YagiiiInc/FuryRoad/FuryRoad/Content/VehicleAdv/Vehicle/VehicleSkeleton.uasset" 374
"D:/YagiiiInc/FuryRoad/FuryRoad/Content/VehicleAdv/Materials/Fixed_Template_Master.uasset" 375
"D:/YagiiiInc/FuryRoad/FuryRoad/Content/VehicleAdv/Materials/MaterialInstances/Template_BaseBlue.uasset" 376
"D:/YagiiiInc/FuryRoad/FuryRoad/Content/VehicleAdv/Vehicle/Vehicle_SkelMesh.uasset" 377
"D:/YagiiiInc/FuryRoad/FuryRoad/Content/VehicleAdv/Vehicle/VehicleAnimationBlueprint.uasset" 378
"D:/YagiiiInc/FuryRoad/FuryRoad/Content/VehicleAdv/Sound/Engine_att.uasset" 379
"D:/YagiiiInc/FuryRoad/FuryRoad/Content/VehicleAdv/Sound/Engine_Loop_Cue.uasset" 380
"D:/YagiiiInc/FuryRoad/FuryRoad/Content/VehicleAdvBP/Blueprints/VehicleBlueprint.uasset" 381
"D:/YagiiiInc/FuryRoad/FuryRoad/Content/VehicleAdvBP/Blueprints/VehicleAdvGameMode.uasset" 382
"D:/YagiiiInc/FuryRoad/FuryRoad/Content/VehicleVarietyPack/Textures/Pickup/TX_Pickup_ORM_1.uasset" 383
"D:/YagiiiInc/FuryRoad/FuryRoad/Content/VehicleVarietyPack/Textures/Pickup/TX_Pickup_Normal_1.uasset" 384
"D:/YagiiiInc/FuryRoad/FuryRoad/Content/VehicleVarietyPack/Textures/Pickup/TX_Pickup_Diffuse_1.uasset" 385
"D:/YagiiiInc/FuryRoad/FuryRoad/Content/VehicleVarietyPack/Materials/Pickup/M_Pickup_Under.uasset" 386
"D:/YagiiiInc/FuryRoad/FuryRoad/Content/VehicleVarietyPack/Textures/Pickup/TX_Pickup_Interior_ORM.uasset" 387
"D:/YagiiiInc/FuryRoad/FuryRoad/Content/VehicleVarietyPack/Textures/Pickup/TX_Pickup_Interior_OPC.uasset" 388
"D:/YagiiiInc/FuryRoad/FuryRoad/Content/VehicleVarietyPack/Textures/Pickup/TX_Pickup_Interior_Normal.uasset" 389
"D:/YagiiiInc/FuryRoad/FuryRoad/Content/VehicleVarietyPack/Textures/Pickup/TX_Pickup_Interior_Diffuse.uasset" 390
"D:/YagiiiInc/FuryRoad/FuryRoad/Content/VehicleVarietyPack/Materials/Pickup/M_Pickup_Interior.uasset" 391
"D:/YagiiiInc/FuryRoad/FuryRoad/Content/VehicleVarietyPack/Textures/Pickup/TX_Pickup_Normal.uasset" 392
"D:/YagiiiInc/FuryRoad/FuryRoad/Content/VehicleVarietyPack/Textures/Pickup/TX_Pickup_EMM.uasset" 393
"D:/YagiiiInc/FuryRoad/FuryRoad/Content/VehicleVarietyPack/Textures/Pickup/TX_Pickup_Diffuse.uasset" 394
"D:/YagiiiInc/FuryRoad/FuryRoad/Content/VehicleVarietyPack/Textures/Pickup/TX_Pickup_ORM.uasset" 395
"D:/YagiiiInc/FuryRoad/FuryRoad/Content/VehicleVarietyPack/Materials/Pickup/M_Pickup_Body.uasset" 396
"D:/YagiiiInc/FuryRoad/FuryRoad/Content/VehicleVarietyPack/Textures/Pickup/TX_Pickup_ORM_2.uasset" 397
"D:/YagiiiInc/FuryRoad/FuryRoad/Content/VehicleVarietyPack/Textures/Pickup/TX_Pickup_OPC_2.uasset" 398
"D:/YagiiiInc/FuryRoad/FuryRoad/Content/VehicleVarietyPack/Textures/Pickup/TX_Pickup_Normal_2.uasset" 399
"D:/YagiiiInc/FuryRoad/FuryRoad/Content/VehicleVarietyPack/Textures/Pickup/TX_Pickup_Diffuse_2.uasset" 400
"D:/YagiiiInc/FuryRoad/FuryRoad/Content/VehicleVarietyPack/Materials/Masters/M_Glass.uasset" 401
"D:/YagiiiInc/FuryRoad/FuryRoad/Content/VehicleVarietyPack/Materials/Pickup/Mi_Pickup_Glass.uasset" 402
"D:/YagiiiInc/FuryRoad/FuryRoad/Content/VehicleVarietyPack/Meshes/SM_Pickup.uasset" 403
"D:/YagiiiInc/FuryRoad/FuryRoad/Content/WaterMaterials/Textures/T_Water_Normal_Large.uasset" 404
"D:/YagiiiInc/FuryRoad/FuryRoad/Content/WaterMaterials/Textures/T_Water_Normal.uasset" 405
"D:/YagiiiInc/FuryRoad/FuryRoad/Content/WaterMaterials/Textures/T_Lake_Waves02_Normals.uasset" 406
"D:/YagiiiInc/FuryRoad/FuryRoad/Content/WaterMaterials/Textures/T_Lake_Waves01_Normals.uasset" 407
"D:/YagiiiInc/FuryRoad/FuryRoad/Content/WaterMaterials/Textures/T_Lake_Waves01.uasset" 408
"../../../Engine/Content/Functions/Engine_MaterialFunctions02/Utility/Swizzle.uasset" 409
"../../../Engine/Content/Functions/Engine_MaterialFunctions02/Utility/MakeFloat3.uasset" 410
"../../../Engine/Content/Functions/Engine_MaterialFunctions02/ExampleContent/Textures/DebugNumberPeriod.uasset" 411
"../../../Engine/Content/Functions/Engine_MaterialFunctions02/ExampleContent/DebugNumberStrip.uasset" 412
"../../../Engine/Content/Functions/Engine_MaterialFunctions01/Texturing/TextureCropping.uasset" 413
"../../../Engine/Content/Functions/Engine_MaterialFunctions01/Texturing/ComputeMipLevel.uasset" 414
"../../../Engine/Content/Functions/Engine_MaterialFunctions02/Utility/DebugScalarValues.uasset" 415
"../../../Engine/Content/Functions/Engine_MaterialFunctions02/Utility/BreakOutFloat4Components.uasset" 416
"../../../Engine/Content/Functions/Engine_MaterialFunctions02/Utility/DebugFloat4Values.uasset" 417
"../../../Engine/Content/Functions/Engine_MaterialFunctions02/Utility/BreakOutFloat3Components.uasset" 418
"../../../Engine/Content/Functions/Engine_MaterialFunctions02/Utility/DebugFloat3Values.uasset" 419
"../../../Engine/Content/Functions/Engine_MaterialFunctions02/SafeNormalize.uasset" 420
"../../../Engine/Content/Functions/Engine_MaterialFunctions02/PassThrough.uasset" 421
"../../../Engine/Content/Functions/Engine_MaterialFunctions02/Normals/UnpackNormalFromFloat.uasset" 422
"D:/YagiiiInc/FuryRoad/FuryRoad/Content/WaterMaterials/Textures/T_Lake_Waves02.uasset" 423
"../../../Engine/Content/Functions/Engine_MaterialFunctions02/ExampleContent/TextureBasedWPO/DemoBox_Normals.uasset" 424
"../../../Engine/Content/Functions/Engine_MaterialFunctions02/ExampleContent/TextureBasedWPO/DemoBox.uasset" 425
"../../../Engine/Content/Functions/Engine_MaterialFunctions02/Math/TimeWithSpeedVariable.uasset" 426
"../../../Engine/Content/Functions/Engine_MaterialFunctions02/ExampleContent/Greyscale.uasset" 427
"../../../Engine/Content/Functions/Engine_MaterialFunctions02/ExampleContent/Gradient.uasset" 428
"../../../Engine/Content/Functions/Engine_MaterialFunctions02/Gradients/GradientMap_Multi.uasset" 429
"../../../Engine/Content/Functions/Engine_MaterialFunctions02/Utility/BreakOutFloat2Components.uasset" 430
"../../../Engine/Content/Functions/Engine_MaterialFunctions02/MAXScripts/MS_VertexAnimationTools_MorphTargets.uasset" 431
"D:/YagiiiInc/FuryRoad/FuryRoad/Content/WaterMaterials/Textures/T_Noises.uasset" 432
"D:/YagiiiInc/FuryRoad/FuryRoad/Content/WaterMaterials/Textures/T_Water_Normal_Subtle.uasset" 433
"D:/YagiiiInc/FuryRoad/FuryRoad/Content/WaterMaterials/Textures/T_Water_EdgeNormals.uasset" 434
"D:/YagiiiInc/FuryRoad/FuryRoad/Content/WaterMaterials/Materials/MF_RiverWavesWPO.uasset" 435
"D:/YagiiiInc/FuryRoad/FuryRoad/Content/WaterMaterials/Materials/MF_FixedDepth.uasset" 436
"D:/YagiiiInc/FuryRoad/FuryRoad/Content/WaterMaterials/Materials/MF_RiverDepth_UVs.uasset" 437
"D:/YagiiiInc/FuryRoad/FuryRoad/Content/WaterMaterials/Materials/MPC_Globals.uasset" 438
"D:/YagiiiInc/FuryRoad/FuryRoad/Content/WaterMaterials/Textures/T_SpecularHighlights.uasset" 439
"D:/YagiiiInc/FuryRoad/FuryRoad/Content/WaterMaterials/Materials/MF_FakeSpecular.uasset" 440
"D:/YagiiiInc/FuryRoad/FuryRoad/Content/WaterMaterials/Materials/M_Lake.uasset" 441
"D:/YagiiiInc/FuryRoad/FuryRoad/Content/WaterMaterials/Materials/MIC_Lake_Waterfall.uasset" 442
"D:/YagiiiInc/FuryRoad/FuryRoad/Content/WaterMaterials/Textures/T_Cubemap.uasset" 443
"D:/YagiiiInc/FuryRoad/FuryRoad/Content/WaterMaterials/Materials/M_Lake_Cheaper.uasset" 444
"D:/YagiiiInc/FuryRoad/FuryRoad/Content/WaterMaterials/Materials/MIC_Lake_Waterfall_Cheaper.uasset" 445
"D:/YagiiiInc/FuryRoad/FuryRoad/Content/WaterMaterials/Textures/T_Pond_SurfacePlants_N.uasset" 446
"D:/YagiiiInc/FuryRoad/FuryRoad/Content/WaterMaterials/Textures/T_Pond_Scum.uasset" 447
"D:/YagiiiInc/FuryRoad/FuryRoad/Content/WaterMaterials/Textures/T_Pond_Plants.uasset" 448
"D:/YagiiiInc/FuryRoad/FuryRoad/Content/WaterMaterials/Textures/T_Pond_Moss.uasset" 449
"D:/YagiiiInc/FuryRoad/FuryRoad/Content/WaterMaterials/Textures/T_Pond_Foam.uasset" 450
"D:/YagiiiInc/FuryRoad/FuryRoad/Content/WaterMaterials/Textures/T_Noise_Progressive.uasset" 451
"D:/YagiiiInc/FuryRoad/FuryRoad/Content/WaterMaterials/Textures/T_Noise_Curves.uasset" 452
"D:/YagiiiInc/FuryRoad/FuryRoad/Content/WaterMaterials/Textures/T_Noise_Stormy.uasset" 453
"D:/YagiiiInc/FuryRoad/FuryRoad/Content/WaterMaterials/Textures/T_Pond_SurfacePlants.uasset" 454
"D:/YagiiiInc/FuryRoad/FuryRoad/Content/WaterMaterials/Materials/M_PondScum.uasset" 455
"D:/YagiiiInc/FuryRoad/FuryRoad/Content/WaterMaterials/Materials/MIC_PondScum.uasset" 456
"D:/YagiiiInc/FuryRoad/FuryRoad/Content/WaterMaterials/Materials/M_PondScum_Cheaper.uasset" 457
"D:/YagiiiInc/FuryRoad/FuryRoad/Content/WaterMaterials/Materials/MIC_PondScum_Cheaper.uasset" 458
"D:/YagiiiInc/FuryRoad/FuryRoad/Content/WaterMaterials/Textures/T_Riverbank_N.uasset" 459
"D:/YagiiiInc/FuryRoad/FuryRoad/Content/WaterMaterials/Textures/T_Riverbank.uasset" 460
"D:/YagiiiInc/FuryRoad/FuryRoad/Content/WaterMaterials/Textures/T_Caustics.uasset" 461
"D:/YagiiiInc/FuryRoad/FuryRoad/Content/WaterMaterials/Materials/M_Riverbank.uasset" 462
"D:/YagiiiInc/FuryRoad/FuryRoad/Content/WaterMaterials/Materials/MIC_Riverbank_Pond.uasset" 463
"D:/YagiiiInc/FuryRoad/FuryRoad/Content/WaterMaterials/Textures/T_Waterfall_Foam_Directional.uasset" 464
"D:/YagiiiInc/FuryRoad/FuryRoad/Content/WaterMaterials/Textures/T_Waterfall_Foam.uasset" 465
"D:/YagiiiInc/FuryRoad/FuryRoad/Content/WaterMaterials/Materials/M_Waterfall_Cheaper.uasset" 466
"D:/YagiiiInc/FuryRoad/FuryRoad/Content/WaterMaterials/Materials/MIC_Waterfall_Arc_Cheaper.uasset" 467
"D:/YagiiiInc/FuryRoad/FuryRoad/Content/WaterMaterials/Materials/M_Caustics.uasset" 468
"D:/YagiiiInc/FuryRoad/FuryRoad/Content/WaterMaterials/Textures/T_Ocean_Waves_Shore_Normals.uasset" 469
"D:/YagiiiInc/FuryRoad/FuryRoad/Content/WaterMaterials/Textures/T_Ocean_Waves_Shore.uasset" 470
"D:/YagiiiInc/FuryRoad/FuryRoad/Content/WaterMaterials/Textures/T_Ocean_Waves01_Normals.uasset" 471
"D:/YagiiiInc/FuryRoad/FuryRoad/Content/WaterMaterials/Textures/T_Ocean_Waves01.uasset" 472
"D:/YagiiiInc/FuryRoad/FuryRoad/Content/WaterMaterials/Textures/T_Ocean_Foam.uasset" 473
"D:/YagiiiInc/FuryRoad/FuryRoad/Content/WaterMaterials/Textures/T_Ocean_EdgeFoam.uasset" 474
"D:/YagiiiInc/FuryRoad/FuryRoad/Content/WaterMaterials/Materials/MF_OceanWavesWPO.uasset" 475
"D:/YagiiiInc/FuryRoad/FuryRoad/Content/WaterMaterials/Materials/MF_OceanDepth_UVs.uasset" 476
"D:/YagiiiInc/FuryRoad/FuryRoad/Content/WaterMaterials/Materials/MF_OceanWave_Motion.uasset" 477
"D:/YagiiiInc/FuryRoad/FuryRoad/Content/WaterMaterials/Materials/MF_Foam_Motion.uasset" 478
"D:/YagiiiInc/FuryRoad/FuryRoad/Content/WaterMaterials/Materials/M_Ocean_Cheaper.uasset" 479
"D:/YagiiiInc/FuryRoad/FuryRoad/Content/WaterMaterials/Textures/T_Ocean_Waves02_Normals.uasset" 480
"D:/YagiiiInc/FuryRoad/FuryRoad/Content/WaterMaterials/Textures/T_Ocean_Waves02.uasset" 481
"D:/YagiiiInc/FuryRoad/FuryRoad/Content/WaterMaterials/Materials/M_Ocean_Distance.uasset" 482
"D:/YagiiiInc/FuryRoad/FuryRoad/Content/WaterMaterials/Materials/MF_OceanDepth_UVs_Radial.uasset" 483
"D:/YagiiiInc/FuryRoad/FuryRoad/Content/WaterMaterials/Materials/MF_OceanWave_Motion_Radial.uasset" 484
"D:/YagiiiInc/FuryRoad/FuryRoad/Content/WaterMaterials/Materials/MF_Foam_Motion_Radial.uasset" 485
"D:/YagiiiInc/FuryRoad/FuryRoad/Content/WaterMaterials/Materials/M_Ocean_Radial.uasset" 486
"D:/YagiiiInc/FuryRoad/FuryRoad/Content/WaterMaterials/Materials/M_Ocean_Radial_Cheaper.uasset" 487
"D:/YagiiiInc/FuryRoad/FuryRoad/Content/WaterMaterials/Materials/M_Rapids_Cheaper.uasset" 488
"D:/YagiiiInc/FuryRoad/FuryRoad/Content/WaterMaterials/Textures/T_River_Waves02_Normals.uasset" 489
"D:/YagiiiInc/FuryRoad/FuryRoad/Content/WaterMaterials/Textures/T_River_Waves01_Normals.uasset" 490
"D:/YagiiiInc/FuryRoad/FuryRoad/Content/WaterMaterials/Textures/T_River_Waves01.uasset" 491
"D:/YagiiiInc/FuryRoad/FuryRoad/Content/WaterMaterials/Textures/T_River_Waves02.uasset" 492
"D:/YagiiiInc/FuryRoad/FuryRoad/Content/WaterMaterials/Materials/M_River.uasset" 493
"D:/YagiiiInc/FuryRoad/FuryRoad/Content/WaterMaterials/Materials/M_River_Cheaper.uasset" 494
"D:/YagiiiInc/FuryRoad/FuryRoad/Content/WaterMaterials/Materials/M_Water_Clean.uasset" 495
"D:/YagiiiInc/FuryRoad/FuryRoad/Content/WaterMaterials/Materials/M_Water_Clean_Cheaper.uasset" 496
"D:/YagiiiInc/FuryRoad/FuryRoad/Content/WaterMaterials/Materials/M_Water_Opaque.uasset" 497
"../../../Engine/Content/Functions/Engine_MaterialFunctions02/Utility/Sign.uasset" 498
"../../../Engine/Content/Functions/Engine_MaterialFunctions02/Utility/Round.uasset" 499
"../../../Engine/Content/Functions/Engine_MaterialFunctions02/Utility/DebugFloat2Values.uasset" 500
"../../../Engine/Content/Functions/Engine_MaterialFunctions02/ExampleContent/Textures/flipbook.uasset" 501
"../../../Engine/Content/Functions/Engine_MaterialFunctions02/Texturing/FlipBook.uasset" 502
"D:/YagiiiInc/FuryRoad/FuryRoad/Content/WaterMaterials/Textures/T_Water_Pixelated.uasset" 503
"D:/YagiiiInc/FuryRoad/FuryRoad/Content/WaterMaterials/Textures/T_Water_Gradient.uasset" 504
"D:/YagiiiInc/FuryRoad/FuryRoad/Content/WaterMaterials/Materials/M_Water_Pixelated.uasset" 505
"D:/YagiiiInc/FuryRoad/FuryRoad/Content/WaterMaterials/Meshes/SM_LakeBank.uasset" 506
"D:/YagiiiInc/FuryRoad/FuryRoad/Content/WaterMaterials/Materials/M_Rapids.uasset" 507
"D:/YagiiiInc/FuryRoad/FuryRoad/Content/WaterMaterials/Meshes/SM_Rapids.uasset" 508
"D:/YagiiiInc/FuryRoad/FuryRoad/Content/WaterMaterials/Materials/M_RapidsBank.uasset" 509
"D:/YagiiiInc/FuryRoad/FuryRoad/Content/WaterMaterials/Meshes/SM_RapidsBank.uasset" 510
"D:/YagiiiInc/FuryRoad/FuryRoad/Content/WaterMaterials/Meshes/SM_Riverbank.uasset" 511
"D:/YagiiiInc/FuryRoad/FuryRoad/Content/WaterMaterials/Textures/T_Stone_N.uasset" 512
"D:/YagiiiInc/FuryRoad/FuryRoad/Content/WaterMaterials/Textures/T_Stone.uasset" 513
"D:/YagiiiInc/FuryRoad/FuryRoad/Content/WaterMaterials/Materials/M_River_Rock.uasset" 514
"D:/YagiiiInc/FuryRoad/FuryRoad/Content/WaterMaterials/Meshes/SM_River_Rock.uasset" 515
"D:/YagiiiInc/FuryRoad/FuryRoad/Content/WaterMaterials/Textures/T_Sand_N.uasset" 516
"D:/YagiiiInc/FuryRoad/FuryRoad/Content/WaterMaterials/Textures/T_Sand.uasset" 517
"D:/YagiiiInc/FuryRoad/FuryRoad/Content/WaterMaterials/Materials/M_Sand.uasset" 518
"D:/YagiiiInc/FuryRoad/FuryRoad/Content/WaterMaterials/Meshes/SM_Shore.uasset" 519
"D:/YagiiiInc/FuryRoad/FuryRoad/Content/WaterMaterials/Materials/M_Waterfall.uasset" 520
"D:/YagiiiInc/FuryRoad/FuryRoad/Content/WaterMaterials/Materials/MIC_Waterfall_Arc.uasset" 521
"D:/YagiiiInc/FuryRoad/FuryRoad/Content/WaterMaterials/Meshes/SM_Waterfall_Arc.uasset" 522
"D:/YagiiiInc/FuryRoad/FuryRoad/Content/WaterMaterials/Materials/M_Ocean.uasset" 523
"D:/YagiiiInc/FuryRoad/FuryRoad/Content/WaterMaterials/Meshes/SM_Water_Plane.uasset" 524
"../../../Engine/Content/Functions/Engine_MaterialFunctions01/Density/ExponentialDensity.uasset" 525
"../../../Engine/Content/Functions/Engine_MaterialFunctions01/Gradient/RadialGradientExponential.uasset" 526
"D:/YagiiiInc/FuryRoad/FuryRoad/Content/WaterMaterials/Materials/M_Waterfall_Foam.uasset" 527
"D:/YagiiiInc/FuryRoad/FuryRoad/Content/WaterMaterials/Particles/P_Waterfall_Foam.uasset" 528
"D:/YagiiiInc/FuryRoad/FuryRoad/Content/WaterMaterials/Textures/T_WaterSplash2.uasset" 529
"D:/YagiiiInc/FuryRoad/FuryRoad/Content/WaterMaterials/Textures/T_WaterSplash2_N.uasset" 530
"D:/YagiiiInc/FuryRoad/FuryRoad/Content/WaterMaterials/Textures/T_FrameClamp.uasset" 531
"D:/YagiiiInc/FuryRoad/FuryRoad/Content/WaterMaterials/Materials/M_WaterSplash.uasset" 532
"D:/YagiiiInc/FuryRoad/FuryRoad/Content/WaterMaterials/Particles/P_Water_Splashes.uasset" 533
"../../../Engine/Content/ArtTools/RenderToTexture/Meshes/S_1_Unit_Plane.uasset" 534
"../../../Engine/Content/EngineMaterials/DefaultMaterial.uasset" 535
"../../../Engine/Content/BasicShapes/Cone.uasset" 536
"../../../Engine/Content/BasicShapes/Cube.uasset" 537
"../../../Engine/Content/BasicShapes/Plane.uasset" 538
"../../../Engine/Content/BasicShapes/Sphere.uasset" 539
"../../../Engine/Content/EditorLandscapeResources/DataLayer.uasset" 540
"../../../Engine/Content/EditorLandscapeResources/DefaultAlphaTexture.uasset" 541
"../../../Engine/Content/EditorMaterials/MAT_Groups_Toggle.uasset" 542
"../../../Engine/Content/EditorMaterials/MAT_Groups_Visibility.uasset" 543
"../../../Engine/Content/EditorMaterials/PreviewShadowIndicator.uasset" 544
"../../../Engine/Content/EditorMaterials/PreviewShadowIndicatorMaterial.uasset" 545
"../../../Engine/Content/EditorMaterials/MatineeGroups/MAT_ColorTrack.uasset" 546
"../../../Engine/Content/EditorMaterials/MatineeGroups/MAT_Groups_Anim.uasset" 547
"../../../Engine/Content/EditorMaterials/MatineeGroups/MAT_Groups_AudioMaster.uasset" 548
"../../../Engine/Content/EditorMaterials/MatineeGroups/MAT_Groups_Director.uasset" 549
"../../../Engine/Content/EditorMaterials/MatineeGroups/MAT_Groups_Event.uasset" 550
"../../../Engine/Content/EditorMaterials/MatineeGroups/MAT_Groups_Fade.uasset" 551
"../../../Engine/Content/EditorMaterials/MatineeGroups/MAT_Groups_Float.uasset" 552
"../../../Engine/Content/EditorMaterials/MatineeGroups/MAT_Groups_Move.uasset" 553
"../../../Engine/Content/EditorMaterials/MatineeGroups/MAT_Groups_Slomo.uasset" 554
"../../../Engine/Content/EditorMaterials/MatineeGroups/MAT_Groups_Sound.uasset" 555
"../../../Engine/Content/EditorMaterials/MatineeGroups/MAT_Groups_Vector.uasset" 556
"../../../Engine/Content/EditorMaterials/ParticleSystems/PSysThumbnail_NoImage.uasset" 557
"../../../Engine/Content/EditorMaterials/ParticleSystems/PSysThumbnail_OOD.uasset" 558
"../../../Engine/Content/EditorMaterials/Camera/CineMat.uasset" 559
"../../../Engine/Content/EditorMaterials/Camera/MI_CineMat_Rig.uasset" 560
"../../../Engine/Content/EditorMeshes/Camera/SM_CraneRig_Arm.uasset" 561
"../../../Engine/Content/EditorMeshes/Camera/SM_CraneRig_Base.uasset" 562
"../../../Engine/Content/EditorMeshes/Camera/SM_CraneRig_Body.uasset" 563
"../../../Engine/Content/EditorMeshes/Camera/SM_CraneRig_Mount.uasset" 564
"../../../Engine/Content/EditorMeshes/Camera/SM_RailRig_Mount.uasset" 565
"../../../Engine/Content/EditorMeshes/Camera/SM_RailRig_Track.uasset" 566
"../../../Engine/Content/EditorResources/BSPVertex.uasset" 567
"../../../Engine/Content/EditorResources/EmptyActor.uasset" 568
"../../../Engine/Content/EditorResources/S_Actor.uasset" 569
"../../../Engine/Content/EditorResources/S_Note.uasset" 570
"../../../Engine/Content/EditorResources/S_Solver.uasset" 571
"../../../Engine/Content/EditorResources/S_Terrain.uasset" 572
"../../../Engine/Content/EditorResources/S_Trigger.uasset" 573
"../../../Engine/Content/EditorResources/AudioIcons/S_AudioComponent_AutoActivate.uasset" 574
"../../../Engine/Content/EditorResources/LightIcons/S_LightError.uasset" 575
"../../../Engine/Content/EditorResources/SequenceRecorder/Countdown.uasset" 576
"../../../Engine/Content/EditorResources/SequenceRecorder/RecordingIndicator.uasset" 577
"../../../Engine/Content/EngineDamageTypes/DmgTypeBP_Environmental.uasset" 578
"../../../Engine/Content/EngineDebugMaterials/DebugEditorMaterial.uasset" 579
"../../../Engine/Content/EngineDebugMaterials/DebugMeshMaterial.uasset" 580
"../../../Engine/Content/EngineDebugMaterials/M_SimpleUnlitTranslucent.uasset" 581
"../../../Engine/Content/Functions/Engine_MaterialFunctions02/Utility/CameraDirectionVector.uasset" 582
"../../../Engine/Content/EngineDebugMaterials/VolumeToRender.uasset" 583
"../../../Engine/Content/EngineDebugMaterials/M_VolumeRenderSphereTracePP.uasset" 584
"../../../Engine/Content/Functions/Engine_MaterialFunctions01/Shading/ConvertFromDiffSpec.uasset" 585
"../../../Engine/Content/EngineDebugMaterials/VertexColorMaterial.uasset" 586
"../../../Engine/Content/EngineDebugMaterials/WireframeMaterial.uasset" 587
"../../../Engine/Content/EngineFonts/Faces/RobotoRegular.uasset" 588
"../../../Engine/Content/EngineFonts/Faces/RobotoLight.uasset" 589
"../../../Engine/Content/EngineFonts/Faces/RobotoItalic.uasset" 590
"../../../Engine/Content/EngineFonts/Faces/RobotoBoldItalic.uasset" 591
"../../../Engine/Content/EngineFonts/Faces/RobotoBold.uasset" 592
"../../../Engine/Content/EngineFonts/Faces/DroidSansFallback.uasset" 593
"../../../Engine/Content/EngineFonts/Roboto.uasset" 594
"../../../Engine/Content/EngineMaterials/BaseFlattenNormalMap.uasset" 595
"../../../Engine/Content/EngineMaterials/BaseFlattenGrayscaleMap.uasset" 596
"../../../Engine/Content/EngineMaterials/BaseFlattenEmissiveMap.uasset" 597
"../../../Engine/Content/EngineMaterials/BaseFlattenDiffuseMap.uasset" 598
"../../../Engine/Content/EngineMaterials/BaseFlattenMaterial.uasset" 599
"../../../Engine/Content/EngineMaterials/BlueNoise.uasset" 600
"../../../Engine/Content/EngineMaterials/DefaultBloomKernel.uasset" 601
"../../../Engine/Content/EngineMaterials/DefaultBokeh.uasset" 602
"../../../Engine/Content/EngineMaterials/DefaultDeferredDecalMaterial.uasset" 603
"../../../Engine/Content/EngineMaterials/DefaultLightFunctionMaterial.uasset" 604
"../../../Engine/Content/EngineMaterials/DefaultPostProcessMaterial.uasset" 605
"../../../Engine/Content/EngineMaterials/DefaultTextMaterialOpaque.uasset" 606
"../../../Engine/Content/EngineMaterials/DefaultWhiteGrid_Low.uasset" 607
"../../../Engine/Content/EngineMaterials/EmissiveMeshMaterial.uasset" 608
"../../../Engine/Content/EngineMaterials/GizmoMaterial.uasset" 609
"../../../Engine/Content/EngineMaterials/Good64x64TilingNoiseHighFreq.uasset" 610
"../../../Engine/Content/EngineMaterials/MiniFont.uasset" 611
"../../../Engine/Content/EngineMaterials/InvalidLightmapSettings.uasset" 612
"../../../Engine/Content/EngineMaterials/M_InvalidLightmapSettings.uasset" 613
"../../../Engine/Content/Functions/Engine_MaterialFunctions02/WorldPositionOffset/CameraOffset.uasset" 614
"../../../Engine/Content/EngineMaterials/PhAT_JointLimitMaterial.uasset" 615
"../../../Engine/Content/EngineMaterials/PreintegratedSkinBRDF.uasset" 616
"../../../Engine/Content/EngineMaterials/RemoveSurfaceMaterial.uasset" 617
"../../../Engine/Content/EngineMaterials/WeightMapPlaceholderTexture.uasset" 618
"../../../Engine/Content/EngineResources/WhiteSquareTexture.uasset" 619
"../../../Engine/Content/EngineMaterials/Widget3DPassThrough.uasset" 620
"../../../Engine/Content/EngineMaterials/Widget3DPassThrough_Masked.uasset" 621
"../../../Engine/Content/EngineMaterials/Widget3DPassThrough_Opaque.uasset" 622
"../../../Engine/Content/EngineMaterials/Widget3DPassThrough_Masked_OneSided.uasset" 623
"../../../Engine/Content/EngineMaterials/Widget3DPassThrough_Opaque_OneSided.uasset" 624
"../../../Engine/Content/EngineMaterials/Widget3DPassThrough_Translucent.uasset" 625
"../../../Engine/Content/EngineMaterials/Widget3DPassThrough_Translucent_OneSided.uasset" 626
"../../../Engine/Content/EngineMeshes/Cylinder.uasset" 627
"../../../Engine/Content/EngineMeshes/Sphere.uasset" 628
"../../../Engine/Content/EngineResources/DefaultTextureCube.uasset" 629
"../../../Engine/Content/EngineResources/DefaultVolumeTexture2D.uasset" 630
"../../../Engine/Content/EngineResources/DefaultVolumeTexture.uasset" 631
"../../../Engine/Content/EngineResources/GradientTexture0.uasset" 632
"../../../Engine/Content/EngineSky/VolumetricClouds/T_NoiseShape64.uasset" 633
"../../../Engine/Content/EngineSky/VolumetricClouds/T_VolumeNoiseShape64.uasset" 634
"../../../Engine/Content/EngineSky/VolumetricClouds/T_NoiseErosion.uasset" 635
"../../../Engine/Content/EngineSky/VolumetricClouds/T_VolumeNoiseErosion32.uasset" 636
"../../../Engine/Content/Functions/Engine_MaterialFunctions02/Utility/MakeFloat2.uasset" 637
"../../../Engine/Content/EngineSky/VolumetricClouds/CloudWeatherTexture.uasset" 638
"../../../Engine/Content/EngineSky/VolumetricClouds/CloudGradientTexture.uasset" 639
"../../../Engine/Content/EngineSky/VolumetricClouds/m_SimpleVolumetricCloud.uasset" 640
"../../../Engine/Content/EngineSky/VolumetricClouds/m_SimpleVolumetricCloud_Inst.uasset" 641
"../../../Engine/Content/EngineSounds/Master.uasset" 642
"../../../Engine/Content/Functions/Engine_MaterialFunctions01/Shading/PowerToRoughness.uasset" 643
"../../../Engine/Content/Maps/Templates/Thumbnails/Default.uasset" 644
"../../../Engine/Content/Maps/Templates/Thumbnails/TimeOfDay.uasset" 645
"../../../Engine/Content/Maps/Templates/Thumbnails/VR-Basic.uasset" 646
"../../../Engine/Content/MobileResources/T_MobileControls_texture.uasset" 647
"../../../Engine/Content/MobileResources/T_MobileMenu2.uasset" 648
"../../../Engine/Content/MobileResources/HUD/AnalogHat.uasset" 649
"../../../Engine/Content/MobileResources/HUD/DefaultVirtualJoysticks.uasset" 650
"../../../Engine/Content/MobileResources/HUD/LeftVirtualJoystickOnly.uasset" 651
"../../../Engine/Content/MobileResources/HUD/MobileHUDButton1_off.uasset" 652
"../../../Engine/Content/MobileResources/HUD/MobileHUDButton1_on.uasset" 653
"../../../Engine/Content/MobileResources/HUD/MobileHUDButton2_off.uasset" 654
"../../../Engine/Content/MobileResources/HUD/MobileHUDButton2_on.uasset" 655
"../../../Engine/Content/MobileResources/HUD/MobileHUDButton3.uasset" 656
"../../../Engine/Content/MobileResources/HUD/MobileHUDButtonFire.uasset" 657
"../../../Engine/Content/MobileResources/HUD/MobileHUDDirectionPad.uasset" 658
"../../../Engine/Content/MobileResources/HUD/MobileHUDDirectionPad2.uasset" 659
"../../../Engine/Content/MobileResources/HUD/MobileHUDDirectionPad3.uasset" 660
"../../../Engine/Content/MobileResources/HUD/MobileHUDDirectionStick.uasset" 661
"../../../Engine/Content/MobileResources/HUD/T_Castle_ThumbstickInner.uasset" 662
"../../../Engine/Content/MobileResources/HUD/T_Castle_ThumbstickOutter.uasset" 663
"../../../Engine/Content/Tutorial/ContentIntroCurve.uasset" 664
"../../../Engine/Content/Tutorial/Basics/LevelEditorAttract.uasset" 665
"../../../Engine/Content/Tutorial/Basics/TutorialAssets/icon_tab_Levels_40x.uasset" 666
"../../../Engine/Content/Tutorial/Basics/LevelEditorOverview.uasset" 667
"../../../Engine/Content/VREditor/TransformGizmo/TranslucentTransformGizmoMaterial.uasset" 668
"../../../Engine/Content/VREditor/LaserPointer/VR_LaserPower_01.uasset" 669
"../../../Engine/Content/VREditor/TransformGizmo/TransformGizmoMaterial.uasset" 670
"../../../Engine/Content/VREditor/TransformGizmo/BoundingBoxCorner.uasset" 671
"../../../Engine/Content/VREditor/TransformGizmo/BoundingBoxEdge.uasset" 672
"../../../Engine/Content/VREditor/TransformGizmo/PlaneTranslationHandle.uasset" 673
"../../../Engine/Content/VREditor/TransformGizmo/Xray.uasset" 674
"../../../Engine/Content/VREditor/TransformGizmo/Main.uasset" 675
"../../../Engine/Content/VREditor/TransformGizmo/SM_Sequencer_Key.uasset" 676
"../../../Engine/Content/VREditor/TransformGizmo/SM_Sequencer_Node.uasset" 677
"../../Plugins/2D/Paper2D/Content/PlaceholderTextures/DummySpriteTexture.uasset" 678
"../../Plugins/2D/Paper2D/Content/DummySprite.uasset" 679
"../../Plugins/2D/Paper2D/Content/DefaultPaperTerrainMaterial.uasset" 680
"../../Plugins/2D/Paper2D/Content/DefaultSpriteMaterial.uasset" 681
"../../Plugins/2D/Paper2D/Content/MaskedUnlitSpriteMaterial.uasset" 682
"../../Plugins/2D/Paper2D/Content/OpaqueUnlitSpriteMaterial.uasset" 683
"../../../Engine/Content/Functions/Engine_MaterialFunctions02/ObjectLocalBounds.uasset" 684
"../../Plugins/Editor/SpeedTreeImporter/Content/SpeedTree9/UnpackInteger3.uasset" 685
"../../Plugins/Editor/SpeedTreeImporter/Content/SpeedTree9/UnpackDirection.uasset" 686
"../../Plugins/Editor/SpeedTreeImporter/Content/SpeedTree9/game_wind_noise.uasset" 687
"../../Plugins/Editor/SpeedTreeImporter/Content/SpeedTree9/SpeedTreeWindMotion.uasset" 688
"../../Plugins/Editor/SpeedTreeImporter/Content/SpeedTree9/SpeedTreeBranchMotion.uasset" 689
"../../../Engine/Content/Functions/Engine_MaterialFunctions02/UVs/BoundingBoxBased_0-1_UVW.uasset" 690
"../../Plugins/Editor/SpeedTreeImporter/Content/SpeedTree9/SpeedTreeWind.uasset" 691
"../../Plugins/Editor/SpeedTreeImporter/Content/SpeedTree9/SpeedTreeBillboard.uasset" 692
"../../../Engine/Content/EngineResources/DefaultTexture.uasset" 693
"../../Plugins/Editor/SpeedTreeImporter/Content/SpeedTree9/SpeedTreeBillboardMaster.uasset" 694
"../../Plugins/Editor/SpeedTreeImporter/Content/SpeedTree9/SpeedTreeCameraFacing.uasset" 695
"../../Plugins/Editor/SpeedTreeImporter/Content/SpeedTree9/SpeedTreeMaster.uasset" 696
"../../../Engine/Content/BasicShapes/Cylinder.uasset" 697
"../../../Engine/Content/ArtTools/RenderToTexture/Materials/Debug/M_Emissive_Color.uasset" 698
"../../Plugins/Lumin/MagicLeapPassableWorld/Content/MagicLeapARPinInfoActor.uasset" 699
"../../Plugins/Runtime/Oculus/OculusVR/Content/Materials/OculusMR_ChromaKey.uasset" 700
"../../Plugins/Runtime/Oculus/OculusVR/Content/Materials/OculusMR_OpaqueColoredMaterial.uasset" 701
"../../Plugins/Runtime/Oculus/OculusVR/Content/Materials/PokeAHoleMaterial.uasset" 702
"D:/YagiiiInc/FuryRoad/FuryRoad/Content/WaterMaterials/Meshes/SM_Island.uasset" 703
"D:/YagiiiInc/FuryRoad/FuryRoad/Content/Materials/M_RockyDesertRoad.uasset" 704
"D:/YagiiiInc/FuryRoad/FuryRoad/Content/Materials/MI_RockyDesertRoad.uasset" 705
"D:/YagiiiInc/FuryRoad/FuryRoad/Content/Meshes/SM_Road.uasset" 706
"D:/YagiiiInc/FuryRoad/FuryRoad/Content/Megascans/3D_Plants/Dry_Plant_Set_scbnI_3dplant/Billboard/Billboard_2K_Translucency.uasset" 707
"D:/YagiiiInc/FuryRoad/FuryRoad/Content/Megascans/3D_Plants/Dry_Plant_Set_scbnI_3dplant/Billboard/Billboard_2K_Roughness.uasset" 708
"D:/YagiiiInc/FuryRoad/FuryRoad/Content/Megascans/3D_Plants/Dry_Plant_Set_scbnI_3dplant/Billboard/Billboard_2K_Opacity.uasset" 709
"D:/YagiiiInc/FuryRoad/FuryRoad/Content/Megascans/3D_Plants/Dry_Plant_Set_scbnI_3dplant/Billboard/Billboard_2K_Normal.uasset" 710
"D:/YagiiiInc/FuryRoad/FuryRoad/Content/Megascans/3D_Plants/Dry_Plant_Set_scbnI_3dplant/Billboard/Billboard_2K_Albedo.uasset" 711
"../../../Engine/Content/EngineMaterials/DefaultWhiteGrid.uasset" 712
"../../../Engine/Content/EngineMaterials/BlendFunc_DefBlend.uasset" 713
"../../../Engine/Content/EngineMaterials/BlendFunc_DefBase.uasset" 714
"../../../Engine/Content/Functions/Engine_MaterialFunctions03/Blends/Blend_Overlay.uasset" 715
"../../../Engine/Content/Functions/Engine_MaterialFunctions01/WorldPositionOffset/SimpleGrassWind.uasset" 716
"../../../Engine/Content/Functions/Engine_MaterialFunctions01/Texturing/FlattenNormal.uasset" 717
"../../../Engine/Content/Functions/Engine_MaterialFunctions01/SpeedTree/SpeedTreeColorVariation.uasset" 718
"D:/YagiiiInc/FuryRoad/FuryRoad/Content/MSPresets/Foliage_Material/Foliage_Material.uasset" 719
"D:/YagiiiInc/FuryRoad/FuryRoad/Content/Megascans/3D_Plants/Dry_Plant_Set_scbnI_3dplant/Billboard/Dry_Plant_Set_scbnI_3dplant_Billboard_inst.uasset" 720
"D:/YagiiiInc/FuryRoad/FuryRoad/Content/Megascans/3D_Plants/Dry_Plant_Set_scbnI_3dplant/Translucency_2K_scbnI.uasset" 721
"D:/YagiiiInc/FuryRoad/FuryRoad/Content/Megascans/3D_Plants/Dry_Plant_Set_scbnI_3dplant/Roughness_2K_scbnI.uasset" 722
"D:/YagiiiInc/FuryRoad/FuryRoad/Content/Megascans/3D_Plants/Dry_Plant_Set_scbnI_3dplant/Opacity_2K_scbnI.uasset" 723
"D:/YagiiiInc/FuryRoad/FuryRoad/Content/Megascans/3D_Plants/Dry_Plant_Set_scbnI_3dplant/Normal_2K_scbnI.uasset" 724
"D:/YagiiiInc/FuryRoad/FuryRoad/Content/Megascans/3D_Plants/Dry_Plant_Set_scbnI_3dplant/Albedo_2K_scbnI.uasset" 725
"D:/YagiiiInc/FuryRoad/FuryRoad/Content/Megascans/3D_Plants/Dry_Plant_Set_scbnI_3dplant/Dry_Plant_Set_scbnI_3dplant_inst.uasset" 726
"D:/YagiiiInc/FuryRoad/FuryRoad/Content/Megascans/3D_Plants/Dry_Plant_Set_scbnI_3dplant/Dry_Plant_Set_LOD0_Var9_scbnI_9.uasset" 727
"D:/YagiiiInc/FuryRoad/FuryRoad/Content/Megascans/3D_Plants/Dry_Plant_Set_scbnI_3dplant/Dry_Plant_Set_LOD0_Var8_scbnI_8.uasset" 728
"D:/YagiiiInc/FuryRoad/FuryRoad/Content/Megascans/3D_Plants/Dry_Plant_Set_scbnI_3dplant/Dry_Plant_Set_LOD0_Var7_scbnI_7.uasset" 729
"D:/YagiiiInc/FuryRoad/FuryRoad/Content/Megascans/3D_Plants/Dry_Plant_Set_scbnI_3dplant/Dry_Plant_Set_LOD0_Var6_scbnI_6.uasset" 730
"D:/YagiiiInc/FuryRoad/FuryRoad/Content/Megascans/3D_Plants/Dry_Plant_Set_scbnI_3dplant/Dry_Plant_Set_LOD0_Var5_scbnI_5.uasset" 731
"D:/YagiiiInc/FuryRoad/FuryRoad/Content/Megascans/3D_Plants/Dry_Plant_Set_scbnI_3dplant/Dry_Plant_Set_LOD0_Var4_scbnI_4.uasset" 732
"D:/YagiiiInc/FuryRoad/FuryRoad/Content/Megascans/3D_Plants/Dry_Plant_Set_scbnI_3dplant/Dry_Plant_Set_LOD0_Var3_scbnI_3.uasset" 733
"D:/YagiiiInc/FuryRoad/FuryRoad/Content/Megascans/3D_Plants/Dry_Plant_Set_scbnI_3dplant/Dry_Plant_Set_LOD0_Var2_scbnI_2.uasset" 734
"D:/YagiiiInc/FuryRoad/FuryRoad/Content/Megascans/3D_Plants/Dry_Plant_Set_scbnI_3dplant/Dry_Plant_Set_LOD0_Var1_scbnI_1.uasset" 735
"D:/YagiiiInc/FuryRoad/FuryRoad/Content/Megascans/3D_Plants/Dry_Plant_Set_scbnI_3dplant/Dry_Plant_Set_LOD0_Var13_scbnI_13.uasset" 736
"D:/YagiiiInc/FuryRoad/FuryRoad/Content/Megascans/3D_Plants/Dry_Plant_Set_scbnI_3dplant/Dry_Plant_Set_LOD0_Var12_scbnI_12.uasset" 737
"D:/YagiiiInc/FuryRoad/FuryRoad/Content/Megascans/3D_Plants/Dry_Plant_Set_scbnI_3dplant/Dry_Plant_Set_LOD0_Var11_scbnI_11.uasset" 738
"D:/YagiiiInc/FuryRoad/FuryRoad/Content/Megascans/3D_Plants/Dry_Plant_Set_scbnI_3dplant/Dry_Plant_Set_LOD0_Var10_scbnI_10.uasset" 739
"D:/YagiiiInc/FuryRoad/FuryRoad/Content/Megascans/3D_Plants/Cat_Palm_tjejafeia_3dplant/Billboard/Billboard_2K_Translucency.uasset" 740
"D:/YagiiiInc/FuryRoad/FuryRoad/Content/Megascans/3D_Plants/Cat_Palm_tjejafeia_3dplant/Billboard/Billboard_2K_Roughness.uasset" 741
"D:/YagiiiInc/FuryRoad/FuryRoad/Content/Megascans/3D_Plants/Cat_Palm_tjejafeia_3dplant/Billboard/Billboard_2K_Opacity.uasset" 742
"D:/YagiiiInc/FuryRoad/FuryRoad/Content/Megascans/3D_Plants/Cat_Palm_tjejafeia_3dplant/Billboard/Billboard_2K_Normal.uasset" 743
"D:/YagiiiInc/FuryRoad/FuryRoad/Content/Megascans/3D_Plants/Cat_Palm_tjejafeia_3dplant/Billboard/Billboard_2K_Albedo.uasset" 744
"D:/YagiiiInc/FuryRoad/FuryRoad/Content/Megascans/3D_Plants/Cat_Palm_tjejafeia_3dplant/Billboard/Cat_Palm_tjejafeia_3dplant_Billboard_inst.uasset" 745
"D:/YagiiiInc/FuryRoad/FuryRoad/Content/Megascans/3D_Plants/Cat_Palm_tjejafeia_3dplant/Translucency_2K_tjejafeia.uasset" 746
"D:/YagiiiInc/FuryRoad/FuryRoad/Content/Megascans/3D_Plants/Cat_Palm_tjejafeia_3dplant/Roughness_2K_tjejafeia.uasset" 747
"D:/YagiiiInc/FuryRoad/FuryRoad/Content/Megascans/3D_Plants/Cat_Palm_tjejafeia_3dplant/Opacity_2K_tjejafeia.uasset" 748
"D:/YagiiiInc/FuryRoad/FuryRoad/Content/Megascans/3D_Plants/Cat_Palm_tjejafeia_3dplant/Normal_2K_tjejafeia.uasset" 749
"D:/YagiiiInc/FuryRoad/FuryRoad/Content/Megascans/3D_Plants/Cat_Palm_tjejafeia_3dplant/Albedo_2K_tjejafeia.uasset" 750
"D:/YagiiiInc/FuryRoad/FuryRoad/Content/Megascans/3D_Plants/Cat_Palm_tjejafeia_3dplant/Cat_Palm_tjejafeia_3dplant_inst.uasset" 751
"D:/YagiiiInc/FuryRoad/FuryRoad/Content/Megascans/3D_Plants/Cat_Palm_tjejafeia_3dplant/Cat_Palm_LOD0_Var4_tjejafeia_4.uasset" 752
"D:/YagiiiInc/FuryRoad/FuryRoad/Content/Megascans/3D_Plants/Cat_Palm_tjejafeia_3dplant/Cat_Palm_LOD0_Var3_tjejafeia_3.uasset" 753
"D:/YagiiiInc/FuryRoad/FuryRoad/Content/Megascans/3D_Plants/Cat_Palm_tjejafeia_3dplant/Cat_Palm_LOD0_Var2_tjejafeia_2.uasset" 754
"D:/YagiiiInc/FuryRoad/FuryRoad/Content/Megascans/3D_Plants/Cat_Palm_tjejafeia_3dplant/Cat_Palm_LOD0_Var1_tjejafeia_1.uasset" 755
"../../../Engine/Content/EngineMaterials/DefaultPhysicalMaterial.uasset" 756
"D:/YagiiiInc/FuryRoad/FuryRoad/Content/Levels/L_Desert_01_BuiltData.uasset" 757
"D:/YagiiiInc/FuryRoad/FuryRoad/Content/Megascans/3D_Plants/Dry_Plant_Set_scbnI_3dplant/Foliage/Dry_Plant_Set_LOD0_Var9_scbnI_9.uasset" 758
"D:/YagiiiInc/FuryRoad/FuryRoad/Content/Megascans/3D_Plants/Dry_Plant_Set_scbnI_3dplant/Foliage/Dry_Plant_Set_LOD0_Var8_scbnI_8.uasset" 759
"D:/YagiiiInc/FuryRoad/FuryRoad/Content/Megascans/3D_Plants/Dry_Plant_Set_scbnI_3dplant/Foliage/Dry_Plant_Set_LOD0_Var7_scbnI_7.uasset" 760
"D:/YagiiiInc/FuryRoad/FuryRoad/Content/Megascans/3D_Plants/Dry_Plant_Set_scbnI_3dplant/Foliage/Dry_Plant_Set_LOD0_Var6_scbnI_6.uasset" 761
"D:/YagiiiInc/FuryRoad/FuryRoad/Content/Megascans/3D_Plants/Dry_Plant_Set_scbnI_3dplant/Foliage/Dry_Plant_Set_LOD0_Var4_scbnI_4.uasset" 762
"D:/YagiiiInc/FuryRoad/FuryRoad/Content/Megascans/3D_Plants/Dry_Plant_Set_scbnI_3dplant/Foliage/Dry_Plant_Set_LOD0_Var3_scbnI_3.uasset" 763
"D:/YagiiiInc/FuryRoad/FuryRoad/Content/Megascans/3D_Plants/Dry_Plant_Set_scbnI_3dplant/Foliage/Dry_Plant_Set_LOD0_Var2_scbnI_2.uasset" 764
"D:/YagiiiInc/FuryRoad/FuryRoad/Content/Megascans/3D_Plants/Dry_Plant_Set_scbnI_3dplant/Foliage/Dry_Plant_Set_LOD0_Var1_scbnI_1.uasset" 765
"D:/YagiiiInc/FuryRoad/FuryRoad/Content/Megascans/3D_Plants/Dry_Plant_Set_scbnI_3dplant/Foliage/Dry_Plant_Set_LOD0_Var13_scbnI_13.uasset" 766
"D:/YagiiiInc/FuryRoad/FuryRoad/Content/Megascans/3D_Plants/Dry_Plant_Set_scbnI_3dplant/Foliage/Dry_Plant_Set_LOD0_Var12_scbnI_12.uasset" 767
"D:/YagiiiInc/FuryRoad/FuryRoad/Content/Megascans/3D_Plants/Dry_Plant_Set_scbnI_3dplant/Foliage/Dry_Plant_Set_LOD0_Var11_scbnI_11.uasset" 768
"D:/YagiiiInc/FuryRoad/FuryRoad/Content/Megascans/3D_Plants/Dry_Plant_Set_scbnI_3dplant/Foliage/Dry_Plant_Set_LOD0_Var10_scbnI_10.uasset" 769
"D:/YagiiiInc/FuryRoad/FuryRoad/Content/Megascans/3D_Plants/Cat_Palm_tjejafeia_3dplant/Foliage/Cat_Palm_LOD0_Var4_tjejafeia_4.uasset" 770
"D:/YagiiiInc/FuryRoad/FuryRoad/Content/Megascans/3D_Plants/Cat_Palm_tjejafeia_3dplant/Foliage/Cat_Palm_LOD0_Var3_tjejafeia_3.uasset" 771
"D:/YagiiiInc/FuryRoad/FuryRoad/Content/Megascans/3D_Plants/Cat_Palm_tjejafeia_3dplant/Foliage/Cat_Palm_LOD0_Var2_tjejafeia_2.uasset" 772
"D:/YagiiiInc/FuryRoad/FuryRoad/Content/Megascans/3D_Plants/Cat_Palm_tjejafeia_3dplant/Foliage/Cat_Palm_LOD0_Var1_tjejafeia_1.uasset" 773
"D:/YagiiiInc/FuryRoad/FuryRoad/Content/Megascans/3D_Assets/Modular_Metal_Guardrail_Kit_uh5gcflfa_3d/Roughness_2K_uh5gcflfa.uasset" 774
"D:/YagiiiInc/FuryRoad/FuryRoad/Content/Megascans/3D_Assets/Modular_Metal_Guardrail_Kit_uh5gcflfa_3d/Normal_2K_LOD0_uh5gcflfa.uasset" 775
"D:/YagiiiInc/FuryRoad/FuryRoad/Content/Megascans/3D_Assets/Modular_Metal_Guardrail_Kit_uh5gcflfa_3d/Albedo_2K_uh5gcflfa.uasset" 776
"D:/YagiiiInc/FuryRoad/FuryRoad/Content/Megascans/3D_Assets/Modular_Metal_Guardrail_Kit_uh5gcflfa_3d/Modular_Metal_Guardrail_Kit_uh5gcflfa_3d_inst.uasset" 777
"D:/YagiiiInc/FuryRoad/FuryRoad/Content/Megascans/3D_Assets/Modular_Metal_Guardrail_Kit_uh5gcflfa_3d/Modular_Metal_Guardrail_Kit_LOD0_uh5gcflfa_4.uasset" 778
"D:/YagiiiInc/FuryRoad/FuryRoad/Content/Megascans/3D_Assets/Modular_Metal_Guardrail_Kit_uh5gcflfa_3d/Foliage/Modular_Metal_Guardrail_Kit_LOD0_uh5gcflfa_4.uasset" 779
"D:/YagiiiInc/FuryRoad/FuryRoad/Content/Megascans/3D_Assets/Modular_Metal_Guardrail_Kit_uh5gcflfa_3d/Modular_Metal_Guardrail_Kit_LOD0_uh5gcflfa_3.uasset" 780
"D:/YagiiiInc/FuryRoad/FuryRoad/Content/Megascans/3D_Assets/Modular_Metal_Guardrail_Kit_uh5gcflfa_3d/Foliage/Modular_Metal_Guardrail_Kit_LOD0_uh5gcflfa_3.uasset" 781
"D:/YagiiiInc/FuryRoad/FuryRoad/Content/Megascans/3D_Assets/Modular_Metal_Guardrail_Kit_uh5gcflfa_3d/Modular_Metal_Guardrail_Kit_LOD0_uh5gcflfa_2.uasset" 782
"D:/YagiiiInc/FuryRoad/FuryRoad/Content/Megascans/3D_Assets/Modular_Metal_Guardrail_Kit_uh5gcflfa_3d/Foliage/Modular_Metal_Guardrail_Kit_LOD0_uh5gcflfa_2.uasset" 783
"D:/YagiiiInc/FuryRoad/FuryRoad/Content/Megascans/3D_Assets/Modular_Metal_Guardrail_Kit_uh5gcflfa_3d/Modular_Metal_Guardrail_Kit_LOD0_uh5gcflfa_1.uasset" 784
"D:/YagiiiInc/FuryRoad/FuryRoad/Content/Megascans/3D_Assets/Modular_Metal_Guardrail_Kit_uh5gcflfa_3d/Foliage/Modular_Metal_Guardrail_Kit_LOD0_uh5gcflfa_1.uasset" 785
"D:/YagiiiInc/FuryRoad/FuryRoad/Content/Megascans/3D_Plants/Dry_Plant_Set_scbnI_3dplant/Foliage/Dry_Plant_Set_LOD0_Var5_scbnI_5.uasset" 786
"D:/YagiiiInc/FuryRoad/FuryRoad/Content/Materials/M_Ground.uasset" 787
"D:/YagiiiInc/FuryRoad/FuryRoad/Content/Materials/MI_Ground.uasset" 788
"D:/YagiiiInc/FuryRoad/FuryRoad/Content/Megascans/3D_Assets/Canyon_Sandstone_Boulder_ulmsfeu_3d/Canyon_Sandstone_Boulder_LOD0_ulmsfeu.uasset" 789
"D:/YagiiiInc/FuryRoad/FuryRoad/Content/Foliage/SMF_Rock_02.uasset" 790
"D:/YagiiiInc/FuryRoad/FuryRoad/Content/Megascans/3D_Assets/Canyon_Sandstone_Rock_uk4qahn_3d/Canyon_Sandstone_Rock_LOD0_uk4qahn.uasset" 791
"D:/YagiiiInc/FuryRoad/FuryRoad/Content/Foliage/SMF_Rock_01.uasset" 792
"D:/YagiiiInc/FuryRoad/FuryRoad/Content/Megascans/3D_Assets/Cactus_ueopfjiga_3d/Roughness_2K_ueopfjiga.uasset" 793
"D:/YagiiiInc/FuryRoad/FuryRoad/Content/Megascans/3D_Assets/Cactus_ueopfjiga_3d/Normal_2K_LOD0_ueopfjiga.uasset" 794
"D:/YagiiiInc/FuryRoad/FuryRoad/Content/Megascans/3D_Assets/Cactus_ueopfjiga_3d/Albedo_2K_ueopfjiga.uasset" 795
"D:/YagiiiInc/FuryRoad/FuryRoad/Content/Megascans/3D_Assets/Cactus_ueopfjiga_3d/Cactus_ueopfjiga_3d_inst.uasset" 796
"D:/YagiiiInc/FuryRoad/FuryRoad/Content/Megascans/3D_Assets/Cactus_ueopfjiga_3d/Cactus_LOD0_ueopfjiga.uasset" 797
"D:/YagiiiInc/FuryRoad/FuryRoad/Content/Foliage/SMF_Cactus_02.uasset" 798
"D:/YagiiiInc/FuryRoad/FuryRoad/Content/Megascans/3D_Assets/Cactus_01/Roughness_2K_udugdfvfa.uasset" 799
"D:/YagiiiInc/FuryRoad/FuryRoad/Content/Megascans/3D_Assets/Cactus_01/Normal_2K_LOD0_udugdfvfa.uasset" 800
"D:/YagiiiInc/FuryRoad/FuryRoad/Content/Megascans/3D_Assets/Cactus_01/Albedo_2K_udugdfvfa.uasset" 801
"D:/YagiiiInc/FuryRoad/FuryRoad/Content/Megascans/3D_Assets/Cactus_01/Cactus_udugdfvfa_3d_inst.uasset" 802
"D:/YagiiiInc/FuryRoad/FuryRoad/Content/Megascans/3D_Assets/Cactus_01/Cactus_LOD0_udugdfvfa.uasset" 803
"D:/YagiiiInc/FuryRoad/FuryRoad/Content/Foliage/SMF_Cactus_01.uasset" 804
"D:/YagiiiInc/FuryRoad/FuryRoad/Content/Megascans/3D_Assets/Palm_Tree_Trunk_ufefdakga_3d/Roughness_2K_ufefdakga.uasset" 805
"D:/YagiiiInc/FuryRoad/FuryRoad/Content/Megascans/3D_Assets/Palm_Tree_Trunk_ufefdakga_3d/Normal_2K_LOD0_ufefdakga.uasset" 806
"D:/YagiiiInc/FuryRoad/FuryRoad/Content/Megascans/3D_Assets/Palm_Tree_Trunk_ufefdakga_3d/Albedo_2K_ufefdakga.uasset" 807
"D:/YagiiiInc/FuryRoad/FuryRoad/Content/Megascans/3D_Assets/Palm_Tree_Trunk_ufefdakga_3d/Palm_Tree_Trunk_ufefdakga_3d_inst.uasset" 808
"D:/YagiiiInc/FuryRoad/FuryRoad/Content/Megascans/3D_Assets/Palm_Tree_Trunk_ufefdakga_3d/Palm_Tree_Trunk_LOD0_ufefdakga.uasset" 809
"D:/YagiiiInc/FuryRoad/FuryRoad/Content/Megascans/Surfaces/DesertSand_04/T_DesertSand_04_DP.uasset" 810
"D:/YagiiiInc/FuryRoad/FuryRoad/Content/Functions/MF_SandAuto.uasset" 811
"D:/YagiiiInc/FuryRoad/FuryRoad/Content/Functions/MF_UpperSandAuto.uasset" 812
"../../../Engine/Content/Functions/Engine_MaterialFunctions01/AlphaBlend/WorldAlignedBlend.uasset" 813
"D:/YagiiiInc/FuryRoad/FuryRoad/Content/Materials/M_DesertAuto.uasset" 814
"D:/YagiiiInc/FuryRoad/FuryRoad/Content/Materials/MI_DesertAuto.uasset" 815
"D:/YagiiiInc/FuryRoad/FuryRoad/Content/Levels/L_Desert_01.umap" 816
"D:/YagiiiInc/FuryRoad/FuryRoad/Content/WaterMaterials/Meshes/SM_Waterfall_Base.uasset" 817
"D:/YagiiiInc/FuryRoad/FuryRoad/Content/WaterMaterials/Meshes/SM_Cliff.uasset" 818
"D:/YagiiiInc/FuryRoad/FuryRoad/Content/Levels/L_Desert_02_BuiltData.uasset" 819
"D:/YagiiiInc/FuryRoad/FuryRoad/Content/Megascans/3D_Assets/Wooden_Grave_Cross_ugchbffga_3d/Roughness_2K_ugchbffga.uasset" 820
"D:/YagiiiInc/FuryRoad/FuryRoad/Content/Megascans/3D_Assets/Wooden_Grave_Cross_ugchbffga_3d/Normal_2K_LOD0_ugchbffga.uasset" 821
"D:/YagiiiInc/FuryRoad/FuryRoad/Content/Megascans/3D_Assets/Wooden_Grave_Cross_ugchbffga_3d/Albedo_2K_ugchbffga.uasset" 822
"D:/YagiiiInc/FuryRoad/FuryRoad/Content/Megascans/3D_Assets/Wooden_Grave_Cross_ugchbffga_3d/Wooden_Grave_Cross_ugchbffga_3d_inst.uasset" 823
"D:/YagiiiInc/FuryRoad/FuryRoad/Content/Megascans/3D_Assets/Wooden_Grave_Cross_ugchbffga_3d/Wooden_Grave_Cross_LOD0_ugchbffga.uasset" 824
"D:/YagiiiInc/FuryRoad/FuryRoad/Content/Megascans/3D_Assets/Rusty_Grain_Silo_uenqejafa_3d/Roughness_2K_uenqejafa.uasset" 825
"D:/YagiiiInc/FuryRoad/FuryRoad/Content/Megascans/3D_Assets/Rusty_Grain_Silo_uenqejafa_3d/Normal_2K_LOD0_uenqejafa.uasset" 826
"D:/YagiiiInc/FuryRoad/FuryRoad/Content/Megascans/3D_Assets/Rusty_Grain_Silo_uenqejafa_3d/Albedo_2K_uenqejafa.uasset" 827
"D:/YagiiiInc/FuryRoad/FuryRoad/Content/Megascans/3D_Assets/Rusty_Grain_Silo_uenqejafa_3d/Rusty_Grain_Silo_uenqejafa_3d_inst.uasset" 828
"D:/YagiiiInc/FuryRoad/FuryRoad/Content/Megascans/3D_Assets/Rusty_Grain_Silo_uenqejafa_3d/Rusty_Grain_Silo_LOD0_uenqejafa.uasset" 829
"D:/YagiiiInc/FuryRoad/FuryRoad/Content/Megascans/3D_Assets/Roman_Statue_tgeleayfa_3d/Roughness_2K_tgeleayfa.uasset" 830
"D:/YagiiiInc/FuryRoad/FuryRoad/Content/Megascans/3D_Assets/Roman_Statue_tgeleayfa_3d/Normal_2K_LOD0_tgeleayfa.uasset" 831
"D:/YagiiiInc/FuryRoad/FuryRoad/Content/Megascans/3D_Assets/Roman_Statue_tgeleayfa_3d/Albedo_2K_tgeleayfa.uasset" 832
"D:/YagiiiInc/FuryRoad/FuryRoad/Content/Megascans/3D_Assets/Roman_Statue_tgeleayfa_3d/Roman_Statue_tgeleayfa_3d_inst.uasset" 833
"D:/YagiiiInc/FuryRoad/FuryRoad/Content/Megascans/3D_Assets/Roman_Statue_tgeleayfa_3d/Roman_Statue_LOD0_tgeleayfa.uasset" 834
"D:/YagiiiInc/FuryRoad/FuryRoad/Content/Megascans/3D_Assets/Roman_Statue_tfraegpda_3d/Roughness_2K_tfraegpda.uasset" 835
"D:/YagiiiInc/FuryRoad/FuryRoad/Content/Megascans/3D_Assets/Roman_Statue_tfraegpda_3d/Normal_2K_LOD0_tfraegpda.uasset" 836
"D:/YagiiiInc/FuryRoad/FuryRoad/Content/Megascans/3D_Assets/Roman_Statue_tfraegpda_3d/Albedo_2K_tfraegpda.uasset" 837
"D:/YagiiiInc/FuryRoad/FuryRoad/Content/Megascans/3D_Assets/Roman_Statue_tfraegpda_3d/Roman_Statue_tfraegpda_3d_inst.uasset" 838
"D:/YagiiiInc/FuryRoad/FuryRoad/Content/Megascans/3D_Assets/Roman_Statue_tfraegpda_3d/Roman_Statue_LOD0_tfraegpda.uasset" 839
"D:/YagiiiInc/FuryRoad/FuryRoad/Content/Megascans/3D_Assets/Old_Wooden_Carafe_udzjebtfa_3d/Roughness_2K_udzjebtfa.uasset" 840
"D:/YagiiiInc/FuryRoad/FuryRoad/Content/Megascans/3D_Assets/Old_Wooden_Carafe_udzjebtfa_3d/Normal_2K_LOD0_udzjebtfa.uasset" 841
"D:/YagiiiInc/FuryRoad/FuryRoad/Content/Megascans/3D_Assets/Old_Wooden_Carafe_udzjebtfa_3d/Albedo_2K_udzjebtfa.uasset" 842
"D:/YagiiiInc/FuryRoad/FuryRoad/Content/Megascans/3D_Assets/Old_Wooden_Carafe_udzjebtfa_3d/Old_Wooden_Carafe_udzjebtfa_3d_inst.uasset" 843
"D:/YagiiiInc/FuryRoad/FuryRoad/Content/Megascans/3D_Assets/Old_Wooden_Carafe_udzjebtfa_3d/Old_Wooden_Carafe_LOD0_udzjebtfa.uasset" 844
"D:/YagiiiInc/FuryRoad/FuryRoad/Content/Megascans/3D_Assets/Old_Wooden_Bench_ueigebjfa_3d/Roughness_2K_ueigebjfa.uasset" 845
"D:/YagiiiInc/FuryRoad/FuryRoad/Content/Megascans/3D_Assets/Old_Wooden_Bench_ueigebjfa_3d/Normal_2K_LOD0_ueigebjfa.uasset" 846
"D:/YagiiiInc/FuryRoad/FuryRoad/Content/Megascans/3D_Assets/Old_Wooden_Bench_ueigebjfa_3d/Albedo_2K_ueigebjfa.uasset" 847
"D:/YagiiiInc/FuryRoad/FuryRoad/Content/Megascans/3D_Assets/Old_Wooden_Bench_ueigebjfa_3d/Old_Wooden_Bench_ueigebjfa_3d_inst.uasset" 848
"D:/YagiiiInc/FuryRoad/FuryRoad/Content/Megascans/3D_Assets/Old_Wooden_Bench_ueigebjfa_3d/Old_Wooden_Bench_LOD0_ueigebjfa.uasset" 849
"D:/YagiiiInc/FuryRoad/FuryRoad/Content/Megascans/3D_Assets/Old_Stone_Well_ufhoagrfa_3d/Roughness_2K_ufhoagrfa.uasset" 850
"D:/YagiiiInc/FuryRoad/FuryRoad/Content/Megascans/3D_Assets/Old_Stone_Well_ufhoagrfa_3d/Normal_2K_LOD0_ufhoagrfa.uasset" 851
"D:/YagiiiInc/FuryRoad/FuryRoad/Content/Megascans/3D_Assets/Old_Stone_Well_ufhoagrfa_3d/Albedo_2K_ufhoagrfa.uasset" 852
"D:/YagiiiInc/FuryRoad/FuryRoad/Content/Megascans/3D_Assets/Old_Stone_Well_ufhoagrfa_3d/Old_Stone_Well_ufhoagrfa_3d_inst.uasset" 853
"D:/YagiiiInc/FuryRoad/FuryRoad/Content/Megascans/3D_Assets/Old_Stone_Well_ufhoagrfa_3d/Old_Stone_Well_LOD0_ufhoagrfa.uasset" 854
"D:/YagiiiInc/FuryRoad/FuryRoad/Content/Megascans/3D_Assets/Medieval_Modular_Wall_3x2_M_udsrededw_3d/Roughness_2K_udsrededw.uasset" 855
"D:/YagiiiInc/FuryRoad/FuryRoad/Content/Megascans/3D_Assets/Medieval_Modular_Wall_3x2_M_udsrededw_3d/Normal_2K_LOD0_udsrededw.uasset" 856
"D:/YagiiiInc/FuryRoad/FuryRoad/Content/Megascans/3D_Assets/Medieval_Modular_Wall_3x2_M_udsrededw_3d/Albedo_2K_udsrededw.uasset" 857
"D:/YagiiiInc/FuryRoad/FuryRoad/Content/Megascans/3D_Assets/Medieval_Modular_Wall_3x2_M_udsrededw_3d/Medieval_Modular_Wall_3x2_M_udsrededw_3d_inst.uasset" 858
"D:/YagiiiInc/FuryRoad/FuryRoad/Content/Megascans/3D_Assets/Medieval_Modular_Wall_3x2_M_udsrededw_3d/Medieval_Modular_Wall_3x2_M_LOD0_udsrededw.uasset" 859
"D:/YagiiiInc/FuryRoad/FuryRoad/Content/Megascans/3D_Assets/Medieval_Modular_Wall_3x2_M_udsreafdw_3d/Roughness_2K_udsreafdw.uasset" 860
"D:/YagiiiInc/FuryRoad/FuryRoad/Content/Megascans/3D_Assets/Medieval_Modular_Wall_3x2_M_udsreafdw_3d/Normal_2K_LOD0_udsreafdw.uasset" 861
"D:/YagiiiInc/FuryRoad/FuryRoad/Content/Megascans/3D_Assets/Medieval_Modular_Wall_3x2_M_udsreafdw_3d/Albedo_2K_udsreafdw.uasset" 862
"D:/YagiiiInc/FuryRoad/FuryRoad/Content/Megascans/3D_Assets/Medieval_Modular_Wall_3x2_M_udsreafdw_3d/Medieval_Modular_Wall_3x2_M_udsreafdw_3d_inst.uasset" 863
"D:/YagiiiInc/FuryRoad/FuryRoad/Content/Megascans/3D_Assets/Medieval_Modular_Wall_3x2_M_udsreafdw_3d/Medieval_Modular_Wall_3x2_M_LOD0_udsreafdw.uasset" 864
"D:/YagiiiInc/FuryRoad/FuryRoad/Content/Megascans/3D_Assets/Medieval_Modular_Wall_2x2_M_uewibaydw_3d/Roughness_2K_uewibaydw.uasset" 865
"D:/YagiiiInc/FuryRoad/FuryRoad/Content/Megascans/3D_Assets/Medieval_Modular_Wall_2x2_M_uewibaydw_3d/Normal_2K_LOD0_uewibaydw.uasset" 866
"D:/YagiiiInc/FuryRoad/FuryRoad/Content/Megascans/3D_Assets/Medieval_Modular_Wall_2x2_M_uewibaydw_3d/Albedo_2K_uewibaydw.uasset" 867
"D:/YagiiiInc/FuryRoad/FuryRoad/Content/Megascans/3D_Assets/Medieval_Modular_Wall_2x2_M_uewibaydw_3d/Medieval_Modular_Wall_2x2_M_uewibaydw_3d_inst.uasset" 868
"D:/YagiiiInc/FuryRoad/FuryRoad/Content/Megascans/3D_Assets/Medieval_Modular_Wall_2x2_M_uewibaydw_3d/Medieval_Modular_Wall_2x2_M_LOD0_uewibaydw.uasset" 869
"D:/YagiiiInc/FuryRoad/FuryRoad/Content/Megascans/3D_Assets/Medieval_Modular_Wall_2x2_M_ueopfbzdw_3d/Roughness_2K_ueopfbzdw.uasset" 870
"D:/YagiiiInc/FuryRoad/FuryRoad/Content/Megascans/3D_Assets/Medieval_Modular_Wall_2x2_M_ueopfbzdw_3d/Normal_2K_LOD0_ueopfbzdw.uasset" 871
"D:/YagiiiInc/FuryRoad/FuryRoad/Content/Megascans/3D_Assets/Medieval_Modular_Wall_2x2_M_ueopfbzdw_3d/Albedo_2K_ueopfbzdw.uasset" 872
"D:/YagiiiInc/FuryRoad/FuryRoad/Content/Megascans/3D_Assets/Medieval_Modular_Wall_2x2_M_ueopfbzdw_3d/Medieval_Modular_Wall_2x2_M_ueopfbzdw_3d_inst.uasset" 873
"D:/YagiiiInc/FuryRoad/FuryRoad/Content/Megascans/3D_Assets/Medieval_Modular_Wall_2x2_M_ueopfbzdw_3d/Medieval_Modular_Wall_2x2_M_LOD0_ueopfbzdw.uasset" 874
"D:/YagiiiInc/FuryRoad/FuryRoad/Content/Megascans/3D_Assets/Medieval_Modular_Wall_2x2_M_udsregzdw_3d/Roughness_2K_udsregzdw.uasset" 875
"D:/YagiiiInc/FuryRoad/FuryRoad/Content/Megascans/3D_Assets/Medieval_Modular_Wall_2x2_M_udsregzdw_3d/Normal_2K_LOD0_udsregzdw.uasset" 876
"D:/YagiiiInc/FuryRoad/FuryRoad/Content/Megascans/3D_Assets/Medieval_Modular_Wall_2x2_M_udsregzdw_3d/Albedo_2K_udsregzdw.uasset" 877
"D:/YagiiiInc/FuryRoad/FuryRoad/Content/Megascans/3D_Assets/Medieval_Modular_Wall_2x2_M_udsregzdw_3d/Medieval_Modular_Wall_2x2_M_udsregzdw_3d_inst.uasset" 878
"D:/YagiiiInc/FuryRoad/FuryRoad/Content/Megascans/3D_Assets/Medieval_Modular_Wall_2x2_M_udsregzdw_3d/Medieval_Modular_Wall_2x2_M_LOD0_udsregzdw.uasset" 879
"D:/YagiiiInc/FuryRoad/FuryRoad/Content/Megascans/3D_Assets/Medieval_Modular_Gable_4_M_udsreiudw_3d/Roughness_2K_udsreiudw.uasset" 880
"D:/YagiiiInc/FuryRoad/FuryRoad/Content/Megascans/3D_Assets/Medieval_Modular_Gable_4_M_udsreiudw_3d/Normal_2K_LOD0_udsreiudw.uasset" 881
"D:/YagiiiInc/FuryRoad/FuryRoad/Content/Megascans/3D_Assets/Medieval_Modular_Gable_4_M_udsreiudw_3d/Albedo_2K_udsreiudw.uasset" 882
"D:/YagiiiInc/FuryRoad/FuryRoad/Content/Megascans/3D_Assets/Medieval_Modular_Gable_4_M_udsreiudw_3d/Medieval_Modular_Gable_4_M_udsreiudw_3d_inst.uasset" 883
"D:/YagiiiInc/FuryRoad/FuryRoad/Content/Megascans/3D_Assets/Medieval_Modular_Gable_4_M_udsreiudw_3d/Medieval_Modular_Gable_4_M_LOD0_udsreiudw.uasset" 884
"D:/YagiiiInc/FuryRoad/FuryRoad/Content/Megascans/3D_Assets/Medieval_Modular_Door_2x2_M_udsrdikdw_3d/Roughness_2K_udsrdikdw.uasset" 885
"D:/YagiiiInc/FuryRoad/FuryRoad/Content/Megascans/3D_Assets/Medieval_Modular_Door_2x2_M_udsrdikdw_3d/Normal_2K_LOD0_udsrdikdw.uasset" 886
"D:/YagiiiInc/FuryRoad/FuryRoad/Content/Megascans/3D_Assets/Medieval_Modular_Door_2x2_M_udsrdikdw_3d/Albedo_2K_udsrdikdw.uasset" 887
"D:/YagiiiInc/FuryRoad/FuryRoad/Content/Megascans/3D_Assets/Medieval_Modular_Door_2x2_M_udsrdikdw_3d/Medieval_Modular_Door_2x2_M_udsrdikdw_3d_inst.uasset" 888
"D:/YagiiiInc/FuryRoad/FuryRoad/Content/Megascans/3D_Assets/Medieval_Modular_Door_2x2_M_udsrdikdw_3d/Medieval_Modular_Door_2x2_M_LOD0_udsrdikdw.uasset" 889
"D:/YagiiiInc/FuryRoad/FuryRoad/Content/Megascans/3D_Assets/Medieval_Modular_Door_15x2_M_ueoqaewdw_3d/Roughness_2K_ueoqaewdw.uasset" 890
"D:/YagiiiInc/FuryRoad/FuryRoad/Content/Megascans/3D_Assets/Medieval_Modular_Door_15x2_M_ueoqaewdw_3d/Normal_2K_LOD0_ueoqaewdw.uasset" 891
"D:/YagiiiInc/FuryRoad/FuryRoad/Content/Megascans/3D_Assets/Medieval_Modular_Door_15x2_M_ueoqaewdw_3d/Albedo_2K_ueoqaewdw.uasset" 892
"D:/YagiiiInc/FuryRoad/FuryRoad/Content/Megascans/3D_Assets/Medieval_Modular_Door_15x2_M_ueoqaewdw_3d/Medieval_Modular_Door_15x2_M_ueoqaewdw_3d_inst.uasset" 893
"D:/YagiiiInc/FuryRoad/FuryRoad/Content/Megascans/3D_Assets/Medieval_Modular_Door_15x2_M_ueoqaewdw_3d/Medieval_Modular_Door_15x2_M_LOD0_ueoqaewdw.uasset" 894
"D:/YagiiiInc/FuryRoad/FuryRoad/Content/Megascans/3D_Assets/Medieval_Modular_Corner_Wall_1x2_M_ueoidegdw_3d/Roughness_2K_ueoidegdw.uasset" 895
"D:/YagiiiInc/FuryRoad/FuryRoad/Content/Megascans/3D_Assets/Medieval_Modular_Corner_Wall_1x2_M_ueoidegdw_3d/Normal_2K_LOD0_ueoidegdw.uasset" 896
"D:/YagiiiInc/FuryRoad/FuryRoad/Content/Megascans/3D_Assets/Medieval_Modular_Corner_Wall_1x2_M_ueoidegdw_3d/Albedo_2K_ueoidegdw.uasset" 897
"D:/YagiiiInc/FuryRoad/FuryRoad/Content/Megascans/3D_Assets/Medieval_Modular_Corner_Wall_1x2_M_ueoidegdw_3d/Medieval_Modular_Corner_Wall_1x2_M_ueoidegdw_3d_inst.uasset" 898
"D:/YagiiiInc/FuryRoad/FuryRoad/Content/Megascans/3D_Assets/Medieval_Modular_Corner_Wall_1x2_M_ueoidegdw_3d/Medieval_Modular_Corner_Wall_1x2_M_LOD0_ueoidegdw.uasset" 899
"D:/YagiiiInc/FuryRoad/FuryRoad/Content/Megascans/3D_Assets/Horse_Hitching_Post_udeuahzqx_3d/Roughness_2K_udeuahzqx.uasset" 900
"D:/YagiiiInc/FuryRoad/FuryRoad/Content/Megascans/3D_Assets/Horse_Hitching_Post_udeuahzqx_3d/Normal_2K_LOD0_udeuahzqx.uasset" 901
"D:/YagiiiInc/FuryRoad/FuryRoad/Content/Megascans/3D_Assets/Horse_Hitching_Post_udeuahzqx_3d/Albedo_2K_udeuahzqx.uasset" 902
"D:/YagiiiInc/FuryRoad/FuryRoad/Content/Megascans/3D_Assets/Horse_Hitching_Post_udeuahzqx_3d/Horse_Hitching_Post_udeuahzqx_3d_inst.uasset" 903
"D:/YagiiiInc/FuryRoad/FuryRoad/Content/Megascans/3D_Assets/Horse_Hitching_Post_udeuahzqx_3d/Horse_Hitching_Post_LOD0_udeuahzqx.uasset" 904
"D:/YagiiiInc/FuryRoad/FuryRoad/Content/Levels/L_Desert_02.umap" 905
"../../../Engine/Content/EngineSky/T_Sky_Stars.uasset" 906
"../../../Engine/Content/EngineSky/T_Sky_Clouds_M.uasset" 907
"../../../Engine/Content/EngineSky/T_Sky_Blue.uasset" 908
"../../../Engine/Content/EngineSky/M_Sky_Panning_Clouds2.uasset" 909
"D:/YagiiiInc/FuryRoad/FuryRoad/Content/Levels/L_Persistent_BuiltData.uasset" 910
"../../../Engine/Content/EngineSky/SM_SkySphere.uasset" 911
"../../../Engine/Content/EngineSky/C_Sky_Zenith_Color.uasset" 912
"../../../Engine/Content/EngineSky/C_Sky_Horizon_Color.uasset" 913
"../../../Engine/Content/EngineSky/C_Sky_Cloud_Color.uasset" 914
"../../../Engine/Content/EditorBlueprintResources/StandardMacros.uasset" 915
"../../../Engine/Content/EngineSky/BP_Sky_Sphere.uasset" 916
"D:/YagiiiInc/FuryRoad/FuryRoad/Content/MenuAssets/T_YouWon.uasset" 917
"D:/YagiiiInc/FuryRoad/FuryRoad/Content/MenuAssets/T_TryAgainText.uasset" 918
"D:/YagiiiInc/FuryRoad/FuryRoad/Content/MenuAssets/T_QuitGameText.uasset" 919
"D:/YagiiiInc/FuryRoad/FuryRoad/Content/Blueprints/BP_YouWonWidget.uasset" 920
"D:/YagiiiInc/FuryRoad/FuryRoad/Content/Blueprints/BP_HUDWidget.uasset" 921
"D:/YagiiiInc/FuryRoad/FuryRoad/Content/VehicleVarietyPack/Skeletons/SK_Pickup_PhysicsAsset.uasset" 922
"D:/YagiiiInc/FuryRoad/FuryRoad/Content/VehicleVarietyPack/Skeletons/SK_Vehicle_Skeleton.uasset" 923
"D:/YagiiiInc/FuryRoad/FuryRoad/Content/VehicleVarietyPack/Skeletons/SK_Pickup.uasset" 924
"D:/YagiiiInc/FuryRoad/FuryRoad/Content/VehicleVarietyPack/Blueprints/Pickup/DA_PU_TireConfig.uasset" 925
"D:/YagiiiInc/FuryRoad/FuryRoad/Content/VehicleVarietyPack/Blueprints/Pickup/BP_PU_Wheel_Rear.uasset" 926
"D:/YagiiiInc/FuryRoad/FuryRoad/Content/VehicleVarietyPack/Blueprints/Pickup/BP_PU_Wheel_Front.uasset" 927
"D:/YagiiiInc/FuryRoad/FuryRoad/Content/VehicleVarietyPack/Blueprints/Pickup/AB_Pickup.uasset" 928
"D:/YagiiiInc/FuryRoad/FuryRoad/Content/MenuAssets/T_PauseText.uasset" 929
"D:/YagiiiInc/FuryRoad/FuryRoad/Content/MenuAssets/T_MainMenuText.uasset" 930
"D:/YagiiiInc/FuryRoad/FuryRoad/Content/Blueprints/BP_PauseMenuWidget.uasset" 931
"D:/YagiiiInc/FuryRoad/FuryRoad/Content/MenuAssets/T_GameOver.uasset" 932
"D:/YagiiiInc/FuryRoad/FuryRoad/Content/Blueprints/BP_GameOverWidget.uasset" 933
"D:/YagiiiInc/FuryRoad/FuryRoad/Content/VehicleVarietyPack/Blueprints/Pickup/BP_Pickup.uasset" 934
"D:/YagiiiInc/FuryRoad/FuryRoad/Content/Blueprints/BP_TimerWidget.uasset" 935
"D:/YagiiiInc/FuryRoad/FuryRoad/Content/VehicleVarietyPack/Blueprints/Pickup/BP_Pickup_Gamemode.uasset" 936
"D:/YagiiiInc/FuryRoad/FuryRoad/Content/Levels/L_Persistent.umap" 937
"D:/YagiiiInc/FuryRoad/FuryRoad/Content/Textures/T_Tent_S.uasset" 938
"D:/YagiiiInc/FuryRoad/FuryRoad/Content/Textures/T_Tent_N.uasset" 939
"D:/YagiiiInc/FuryRoad/FuryRoad/Content/Textures/T_Tent_D.uasset" 940
"D:/YagiiiInc/FuryRoad/FuryRoad/Content/Materials/M_Tent.uasset" 941
"D:/YagiiiInc/FuryRoad/FuryRoad/Content/Meshes/SM_tent.uasset" 942
"D:/YagiiiInc/FuryRoad/FuryRoad/Content/Levels/L_RockyDesert_01_BuiltData.uasset" 943
"D:/YagiiiInc/FuryRoad/FuryRoad/Content/StarterContent/Audio/Fire01.uasset" 944
"D:/YagiiiInc/FuryRoad/FuryRoad/Content/StarterContent/Audio/Fire01_Cue.uasset" 945
"D:/YagiiiInc/FuryRoad/FuryRoad/Content/StarterContent/Particles/Materials/M_Heat_Distortion.uasset" 946
"D:/YagiiiInc/FuryRoad/FuryRoad/Content/StarterContent/Textures/T_Fire_Tiled_D.uasset" 947
"D:/YagiiiInc/FuryRoad/FuryRoad/Content/StarterContent/Textures/T_Fire_SubUV.uasset" 948
"D:/YagiiiInc/FuryRoad/FuryRoad/Content/StarterContent/Particles/Materials/M_Fire_SubUV.uasset" 949
"D:/YagiiiInc/FuryRoad/FuryRoad/Content/StarterContent/Particles/P_Fire.uasset" 950
"D:/YagiiiInc/FuryRoad/FuryRoad/Content/StarterContent/Blueprints/Blueprint_Effect_Fire.uasset" 951
"D:/YagiiiInc/FuryRoad/FuryRoad/Content/Megascans/3D_Assets/Rock_01/Roughness_2K_uldrcd0.uasset" 952
"D:/YagiiiInc/FuryRoad/FuryRoad/Content/Megascans/3D_Assets/Rock_01/Normal_2K_LOD0_uldrcd0.uasset" 953
"D:/YagiiiInc/FuryRoad/FuryRoad/Content/Megascans/3D_Assets/Rock_01/Albedo_2K_uldrcd0.uasset" 954
"D:/YagiiiInc/FuryRoad/FuryRoad/Content/Megascans/3D_Assets/Rock_01/Canyon_Sandstone_Rock_uldrcd0_3d_inst.uasset" 955
"D:/YagiiiInc/FuryRoad/FuryRoad/Content/Megascans/3D_Assets/Rock_01/Canyon_Sandstone_Rock_LOD0_uldrcd0.uasset" 956
"D:/YagiiiInc/FuryRoad/FuryRoad/Content/Megascans/3D_Assets/Canyon_Sandstone_Rock_Formation_vbhtdixga_3d/Roughness_2K_vbhtdixga.uasset" 957
"D:/YagiiiInc/FuryRoad/FuryRoad/Content/Megascans/3D_Assets/Canyon_Sandstone_Rock_Formation_vbhtdixga_3d/Normal_2K_LOD0_vbhtdixga.uasset" 958
"D:/YagiiiInc/FuryRoad/FuryRoad/Content/Megascans/3D_Assets/Canyon_Sandstone_Rock_Formation_vbhtdixga_3d/Albedo_2K_vbhtdixga.uasset" 959
"D:/YagiiiInc/FuryRoad/FuryRoad/Content/Megascans/3D_Assets/Canyon_Sandstone_Rock_Formation_vbhtdixga_3d/Canyon_Sandstone_Rock_Formation_vbhtdixga_3d_inst.uasset" 960
"D:/YagiiiInc/FuryRoad/FuryRoad/Content/Megascans/3D_Assets/Canyon_Sandstone_Rock_Formation_vbhtdixga_3d/Canyon_Sandstone_Rock_Formation_LOD0_vbhtdixga.uasset" 961
"D:/YagiiiInc/FuryRoad/FuryRoad/Content/Megascans/3D_Assets/Canyon_Sandstone_Campfire_ulqteek_3d/Roughness_2K_ulqteek.uasset" 962
"D:/YagiiiInc/FuryRoad/FuryRoad/Content/Megascans/3D_Assets/Canyon_Sandstone_Campfire_ulqteek_3d/Normal_2K_LOD0_ulqteek.uasset" 963
"D:/YagiiiInc/FuryRoad/FuryRoad/Content/Megascans/3D_Assets/Canyon_Sandstone_Campfire_ulqteek_3d/Albedo_2K_ulqteek.uasset" 964
"D:/YagiiiInc/FuryRoad/FuryRoad/Content/Megascans/3D_Assets/Canyon_Sandstone_Campfire_ulqteek_3d/Canyon_Sandstone_Campfire_ulqteek_3d_inst.uasset" 965
"D:/YagiiiInc/FuryRoad/FuryRoad/Content/Megascans/3D_Assets/Canyon_Sandstone_Campfire_ulqteek_3d/Canyon_Sandstone_Campfire_LOD0_ulqteek.uasset" 966
"D:/YagiiiInc/FuryRoad/FuryRoad/Content/Megascans/3D_Assets/Canyon_Sandstone_Boulder_ulbwebv_3d/Roughness_2K_ulbwebv.uasset" 967
"D:/YagiiiInc/FuryRoad/FuryRoad/Content/Megascans/3D_Assets/Canyon_Sandstone_Boulder_ulbwebv_3d/Normal_2K_LOD0_ulbwebv.uasset" 968
"D:/YagiiiInc/FuryRoad/FuryRoad/Content/Megascans/3D_Assets/Canyon_Sandstone_Boulder_ulbwebv_3d/Albedo_2K_ulbwebv.uasset" 969
"D:/YagiiiInc/FuryRoad/FuryRoad/Content/Megascans/3D_Assets/Canyon_Sandstone_Boulder_ulbwebv_3d/Canyon_Sandstone_Boulder_ulbwebv_3d_inst.uasset" 970
"D:/YagiiiInc/FuryRoad/FuryRoad/Content/Megascans/3D_Assets/Canyon_Sandstone_Boulder_ulbwebv_3d/Canyon_Sandstone_Boulder_LOD0_ulbwebv.uasset" 971
"D:/YagiiiInc/FuryRoad/FuryRoad/Content/Megascans/3D_Assets/Canyon_Sandstone_Boulder_uk4radk_3d/Roughness_2K_uk4radk.uasset" 972
"D:/YagiiiInc/FuryRoad/FuryRoad/Content/Megascans/3D_Assets/Canyon_Sandstone_Boulder_uk4radk_3d/Normal_2K_LOD0_uk4radk.uasset" 973
"D:/YagiiiInc/FuryRoad/FuryRoad/Content/Megascans/3D_Assets/Canyon_Sandstone_Boulder_uk4radk_3d/Albedo_2K_uk4radk.uasset" 974
"D:/YagiiiInc/FuryRoad/FuryRoad/Content/Megascans/3D_Assets/Canyon_Sandstone_Boulder_uk4radk_3d/Canyon_Sandstone_Boulder_uk4radk_3d_inst.uasset" 975
"D:/YagiiiInc/FuryRoad/FuryRoad/Content/Megascans/3D_Assets/Canyon_Sandstone_Boulder_uk4radk_3d/Canyon_Sandstone_Boulder_LOD0_uk4radk.uasset" 976
"D:/YagiiiInc/FuryRoad/FuryRoad/Content/Functions/MF_GroundAuto.uasset" 977
"D:/YagiiiInc/FuryRoad/FuryRoad/Content/Functions/MF_RockyCliffAuto.uasset" 978
"D:/YagiiiInc/FuryRoad/FuryRoad/Content/Materials/M_RockyDesertAuto.uasset" 979
"D:/YagiiiInc/FuryRoad/FuryRoad/Content/Materials/MI_RockyDesertAuto.uasset" 980
"D:/YagiiiInc/FuryRoad/FuryRoad/Content/Levels/L_RockyDesert_01.umap" 981
"D:/YagiiiInc/FuryRoad/FuryRoad/Content/Levels/L_RockyDesert_02_BuiltData.uasset" 982
"D:/YagiiiInc/FuryRoad/FuryRoad/Content/Levels/L_RockyDesert_02.umap" 983
"D:/YagiiiInc/FuryRoad/FuryRoad/Content/LevelStart/L_MainMenu_BuiltData.uasset" 984
"D:/YagiiiInc/FuryRoad/FuryRoad/Content/MenuAssets/T_StartGameText.uasset" 985
"D:/YagiiiInc/FuryRoad/FuryRoad/Content/MenuAssets/T_MainMenu.uasset" 986
"D:/YagiiiInc/FuryRoad/FuryRoad/Content/MenuAssets/T_GameLogo.uasset" 987
"D:/YagiiiInc/FuryRoad/FuryRoad/Content/Blueprints/BP_MainMenuWidget.uasset" 988
"D:/YagiiiInc/FuryRoad/FuryRoad/Content/LevelStart/L_MainMenu.umap" 989
"../../../Engine/Content/Maps/Entry_BuiltData.uasset" 990
"../../../Engine/Content/Maps/Entry.umap" 991
